ldi->LID   fileprefix    onefilesize    oneLIDsize    single_num    single_offset     file_size
                                  (null) 121          MT0X             8             6             1            30            38
                                  (null) 123          MT0Z            42            40             2            38            80
                                  (null) 155          MT41            72            34             3            80           152
                                  (null) 156          MT42            18            16             4           152           170
                                  (null) 157          MT43            84            40             5           170           254
                                  (null) 158          MT44            16             6             6           254           270
                                  (null) 159          MT45            22            20             7           270           292
                                  (null) 160          MT46           116           114             8           292           408
                                  (null) 146          MT47            18            16             9           408           426
                                  (null) 147          MT48           270           268            10           426           696
                                  (null) 148          MT49             4             2            11           696           700
                                  (null) 149          MT4A            54            52            12           700           754
                                  (null) 151          MT4C             4             2            13           754           758
                                  (null) 152          MT4D            10             8            14           758           768
                                  (null) 125          MT17            18            16            15           768           786
                                  (null) 126          MT18           180            16            16           786           966
                                  (null) 127          MT19            18            16            17           966           984
                                  (null) 170          MT35             3             1            18           984           987
                                  (null) 138          MT67           442           440            19           987          1429
                                  (null) 139          MT68           242           240            20          1429          1671
                                  (null) 140          MT69           218           216            21          1671          1889
                                  (null) 164          MT6G            40            38            22          1889          1929
                                  (null) 172          MT6K           200             8            23          1929          2129
                                  (null) 176          MT6S             9             7            24          2129          2138
                                  (null) 167          MT6U             6             4            25          2138          2144
                                  (null) 179          MT72             3             1            26          2144          2147
                                  (null)2816          TP00            28            26            27          2147          2175
                                  (null) 182          MP07            84            40            28          2175          2259
                                  (null) 183          MM00           506           504            29          2259          2765
                                  (null) 184          MM01           506           504            30          2765          3271
                                  (null) 185          MM02           506           504            31          3271          3777
                                  (null) 365          MM05           506           504            32          3777          4283
                                  (null) 187          MP0E            90            16            33          4283          4373
                                  (null) 191          MP0I           402           400            34          4373          4775
                                  (null) 193          MP0K           544           542            35          4775          5319
                                  (null) 197          MP0Q           800             6            36          5319          6119
                                  (null) 208          MP1M            18            16            37          6119          6137
                                  (null) 209          MP1N            90            16            38          6137          6227
                                  (null) 211          MP1R           396            34            39          6227          6623
                                  (null) 213          MP1S           550           548            40          6623          7173
                                  (null) 214          MP1T           516           256            41          7173          7689
                                  (null) 247          MT36           210           208            42          7689          7899
                                  (null) 301          MP6L           514           512            43          7899          8413
                                  (null) 326          MP90           250            48            44          8413          8663
                                  (null) 342          MPB4            19            17            45          8663          8682
                                  (null) 347          MPBA            89            87            46          8682          8771
                                  (null) 352          MPC6            30            28            47          8771          8801
                                  (null) 212          MPC8           396            34            48          8801          9197
                                  (null) 355          MPCF           760            36            49          9197          9957
                                  (null) 358          MPD2           312            24            50          9957         10269
                                  (null) 366          MPDC           178           176            51         10269         10447
                                  (null) 383          MPG0            84            40            52         10447         10531
                                  (null) 385          MPNS           448            12            53         10531         10979
                                  (null) 388          TK03           770           768            54         10979         11749
                                  (null) 389          TK04           122           120            55         11749         11871
                                  (null) 390          TK07           122           120            56         11871         11993
                                  (null)1536          MT6A           185           183            57         11993         12178
                                  (null)1545          MT6W             4             2            58         12178         12182
                                  (null)2048          MP1V           370            72            59         12182         12552
