/* Callback Manager Log file */
/* The first is the Sender event id */ 
/* The Next is the Reciever that use the wrong sender's event id or sender has not register the id */ 
EVT_ID_SRV_ALM_OP

EVT_ID_SRV_CLOG_READY

EVT_ID_SRV_CLOG_ADD_LOG

EVT_ID_SRV_CLOG_UPDATE_LOG

EVT_ID_SRV_CLOG_UPDATE_ALL

EVT_ID_SRV_CLOG_DEL_LOG

EVT_ID_SRV_CLOG_DEL_ALL

EVT_ID_SRV_CALLSET_LINE_SWITCHED

EVT_ID_SRV_CALLSET_CFU_STATUS_IND

EVT_ID_SRV_CALLSET_CTM_SETTING_CHANGED

EVT_ID_SRV_CNMGR_NOTIFY_NWINFO

EVT_ID_SRV_DATETIME_CHANGE

EVT_ID_SRV_DTCNT_WLAN_ACTIVE

EVT_ID_SRV_DTCNT_WLAN_CONNECTED

EVT_ID_SRV_DTCNT_WLAN_INACTIVE

EVT_ID_SRV_DTCNT_WLAN_SCAN

EVT_ID_SRV_DTCNT_WLAN_CONNECT

EVT_ID_SRV_DTCNT_WLAN_BEARER_STATUS

EVT_ID_SRV_DTCNT_WLAN_CONN_IND

EVT_ID_SRV_DTCNT_WLAN_DISC_IND

EVT_ID_SRV_DTCNT_WLAN_IPADDR_UPDATE

EVT_ID_SRV_DTCNT_WLAN_IPADDR_CONFLICT_IND

EVT_ID_SRV_DTCNT_WLAN_CURR_AP_INFO

EVT_ID_SRV_DTCNT_WLAN_WPS_INFO

EVT_ID_SRV_DTCNT_WLAN_CHANGE_BEARER_TO_WLAN

EVT_ID_SRV_DTCNT_WLAN_CHANGE_BEARER_TO_CELLULAR_NETWORK

EVT_ID_SRV_DTCNT_PROV_IND

EVT_ID_SRV_DTCNT_PROV_INSTALL_RES_IND

EVT_ID_SRV_DTCNT_PROV_DONE_IND

EVT_ID_SRV_DTCNT_ACCT_UPDATE_IND

EVT_ID_SRV_DTCNT_ACCT_DELETE_IND

EVT_ID_SRV_DTCNT_SIM_PREFERENCE_UPDATE_IND

EVT_ID_SRV_DTCNT_CHANGE_REAL_ACCT_IND

EVT_ID_SRV_DTCNT_WLAN_INIT_RES_IND

EVT_ID_SRV_DTCNT_WLAN_DEINIT_RES_IND

EVT_ID_SRV_DTCNT_WLAN_CONN_RES_IND

EVT_ID_SRV_DTCNT_WLAN_DISC_RES_IND

EVT_ID_SRV_DTCNT_WLAN_SCAN_RES_IND

EVT_ID_SRV_DTCNT_WLAN_IPADDR_CHANGE_QRY

EVT_ID_SRV_DTCNT_WIFI_CHIP_INVALID

EVT_ID_SRV_DTCNT_WLAN_SEARCH_AP_OPEN_IND

EVT_ID_SRV_DTCNT_WLAN_SEARCH_AP_CLOSE_IND

EVT_ID_SRV_DTCNT_BEARER_INIT_WLAN_AP_QUERY_IND

EVT_ID_SRV_DTCNT_BEARER_DEINIT_WLAN_AP_QUERY_IND

EVT_ID_SRV_DTCNT_WLAN_AP_LIST_QUERY_IND

EVT_ID_SRV_DTCNT_WLAN_LOGOUT_IND

EVT_ID_SRV_DTCNT_WLAN_IPADDR_CHANGE_CNF

EVT_ID_SRV_DTCNT_WLAN_SWITCH_SAME_SSID_IND

EVT_ID_SRV_DTCNT_NET_STATUS_IND

EVT_ID_SRV_DTCNT_WLAN_CONN_PROF

EVT_ID_SRV_DTCNT_WLAN_SLEEP

EVT_ID_SRV_GCALL_ACT

EVT_ID_SRV_GCALL_CNF

EVT_ID_GUI_INPUTS_CURSOR_CHANGED

EVT_ID_IME_CURSOR_UPDATED

EVT_ID_IME_INVOKE_SPELL_WORD_SCREEN

EVT_ID_IME_ENTRY_INPUT_METHOD_SCREEN

EVT_ID_INLINE_IMAGETEXT_PEN_UP

EVT_ID_IDLE_GROUP_ENTER

EVT_ID_IDLE_GROUP_EXIT

EVT_ID_IDLE_ENTER

EVT_ID_IDLE_EXIT

EVT_ID_IDLE_LAUNCHED

EVT_ID_IDLE_BEFORE_GROUP_ENTER

EVT_ID_IDLE_BEFORE_GROUP_EXIT

EVT_ID_MDI_AUDIO_SPEECH_STATUS_IND

EVT_ID_MDI_AUDIO_PRE_MODE_SWITCH

EVT_ID_MDI_AUDIO_MODE_SWITCHED

EVT_ID_SRV_NW_NAME_CHANGED

EVT_ID_SRV_NW_NAME_SIM_CHANGED_BY_SAT

EVT_ID_SRV_PROF_PROFILE_SWITCHED

EVT_ID_SRV_PROF_IS_PLAYING

EVT_ID_SRV_PROF_VOL_CHANGED

EVT_ID_SRV_REMINDER_BOOTUP_START

EVT_ID_SRV_REMINDER_BOOTUP_INIT

EVT_ID_SRV_REMINDER_BOOTUP_COMPLETE

EVT_ID_SRV_REMINDER_NOTIFY

EVT_ID_SRV_REMINDER_PWRRESET_REQ

EVT_ID_SRV_SAFE_MODE_ACTIVE

EVT_ID_SCR_LOCKER_LOCKED

EVT_ID_SCR_LOCKER_UNLOCKED

EVT_ID_SRV_SMS_READY

EVT_ID_SRV_SMS_NEW_MSG

EVT_ID_SRV_SMS_NEW_MSG_WAITING

EVT_ID_SRV_SMS_STATUS_REPORT

EVT_ID_SRV_SMS_SIM_REFRESH

EVT_ID_SRV_SMS_AT_CMD_IND

EVT_ID_SRV_SMS_MEM_EXCEED

EVT_ID_SRV_SMS_MEM_FULL

EVT_ID_SRV_SMS_MEM_AVAILABLE

EVT_ID_SRV_SMS_ADD_MSG

EVT_ID_SRV_SMS_DEL_MSG

EVT_ID_SRV_SMS_UPDATE_MSG

EVT_ID_SRV_SMS_UPDATE_SENDING_ICON

EVT_ID_SRV_SMS_UPDATE_UNSENT_MSG_STATUS

EVT_ID_SRV_SMS_API_SEND_MSG

EVT_ID_SRV_SMS_UPDATE_COUNTER

EVT_ID_SRV_SMS_REFRESH_MSG

EVT_ID_SRV_SMS_CLEAR_FOLDER

EVT_ID_SRV_SMS_HIDE_LIST

EVT_ID_SRV_SMS_ADD_REPORT

EVT_ID_SRV_SMS_DEL_REPORT

EVT_ID_SRV_SMS_UPDATE_REPORT

EVT_ID_SRV_SMS_PS_NORMAL_IND

EVT_ID_SRV_SMS_PS_STORAGE_IND

EVT_ID_SRV_SMS_PS_RECEIVER_IND

EVT_ID_SRV_SMS_PS_AT_IND

EVT_ID_SRV_SMS_PS_CB_MSG_IND

EVT_ID_SRV_SMS_PS_CB_GS_CHANGE_IND

EVT_ID_SRV_SMS_ASYNC_CALLBACK

EVT_ID_SRV_SMS_STARTUP_READ_ME_SMS

EVT_ID_SRV_SS_INDICATION

EVT_ID_SRV_SS_ACT_NOTIFY

EVT_ID_MMI_UM_REFRESH

EVT_ID_MMI_UM_ENTRY_MAIN_MSG

EVT_ID_MMI_UM_ENTRY_FOLDER

EVT_ID_USB_PERMIT_CFG

EVT_ID_USB_PERMIT_CFG_PRE_CHECK

EVT_ID_USB_ENTER_MS_MODE

EVT_ID_USB_EXIT_MS_MODE

EVT_ID_USB_PLUG_IN

EVT_ID_USB_CONFIG_RSP

EVT_ID_USB_MMI_NOTIFY

EVT_ID_USB_PLUG_OUT

EVT_ID_USB_PRE_EXIT_MODE

EVT_ID_USB_ALM_STATE

EVT_ID_SRV_APPMGR_INSTALL_PACKAGE

EVT_ID_SRV_APPMGR_UPDATE_INSTALLED_PACKAGE

EVT_ID_SRV_APPMGR_UNINSTALL_PACKAGE

EVT_ID_SRV_APPMGR_UPDATE_BADGE

EVT_ID_SRV_APPMGR_UPDATE_ALL_INSTALLED_PACKAGE

EVT_ID_SRV_APPMGR_INSTALL_START

EVT_ID_SRV_APPMGR_INSTALL_PROGRESS

EVT_ID_SRV_APPMGR_INSTALL_FINISH

EVT_ID_SRV_APPMGR_INSTALL_ERROR

EVT_ID_MMI_BOOTUP_INTERRUPTIBLE_CHANGED

EVT_ID_SRV_BOOTUP_START

EVT_ID_SRV_BOOTUP_EARLY_INIT

EVT_ID_SRV_BOOTUP_NORMAL_INIT

EVT_ID_SRV_BOOTUP_BEFORE_IDLE

EVT_ID_SRV_BOOTUP_COMPLETED

EVT_ID_SRV_BOOTUP_SIM_STATUS_CHANGED

EVT_ID_SRV_BOOTUP_SIM_SLOT_READY

EVT_ID_PRE_PROTOCOL

EVT_ID_PRE_KEY_EVT_ROUTING

EVT_ID_POST_KEY_EVT_ROUTING

EVT_ID_KEY_DEFAULT_HANDLER

EVT_ID_PRE_TOUCH_EVT_ROUTING

EVT_ID_POST_TOUCH_EVT_ROUTING

EVT_ID_WGUI_LSK_CLICK

EVT_ID_WGUI_RSK_CLICK

EVT_ID_WGUI_CSK_CLICK

EVT_ID_APP_TERMINATED

EVT_ID_PRE_ACTIVE_IDLE_APP_IN_END_KEY

EVT_ID_POST_ACTIVE_IDLE_APP_IN_END_KEY

EVT_ID_SRV_UCM_ACTION_NOTIFY

EVT_ID_SRV_UCM_INDICATION

EVT_ID_SRV_UCM_CNF_INDICATION

EVT_ID_SRV_UCM_STATUS_CHANGE

EVT_ID_SRV_UCM_APP_EXIT_QUERY

EVT_ID_SRV_UCM_INTERCEPT_QUERY

EVT_ID_NMGR_SUBLCD_NOTIFY

EVT_ID_SCENARIO_END

EVT_ID_NMGR_PLAY_TONE

EVT_ID_NMGR_PLAY_VIB

EVT_ID_NMGR_IDLE_CANCEL

EVT_ID_GPIO_EXT_DEV_KEY_1

EVT_ID_GPIO_EARPHONE_PLUG_IN

EVT_ID_GPIO_EARPHONE_PLUG_OUT

EVT_ID_GPIO_EARPHONE_QUERY_CTRL

EVT_ID_GPIO_BACKLIGHT_DIMMING

EVT_ID_GPIO_BEFORE_LCD_SLEEP_IN

EVT_ID_GPIO_BACKLIGHT_OFF

EVT_ID_GPIO_BACKLIGHT_ON

EVT_ID_GPIO_LCD_SLEEP_IN

EVT_ID_GPIO_LCD_SLEEP_OUT

EVT_ID_GPIO_AFTER_LCD_SLEEP_IN

EVT_ID_GPIO_BACKLIGHT_LEVEL_UPDATE

EVT_ID_GPIO_ENABLE_HAND_FREE

EVT_ID_GPIO_DISABLE_HAND_FREE

EVT_ID_GPIO_MUTE_PHONE

EVT_ID_GPIO_UNMUTE_PHONE

EVT_ID_SCRN_ENTER_SUCCESS_NOFITY

EVT_ID_SRV_NW_USAB_CHANGED

EVT_ID_MMI_TIMER_EXPIRY_PROC_EXT

EVT_ID_MMI_TIMER_INIT_EXT

EVT_ID_OOM_HANDLE_FAIL

EVT_ID_SRV_CBM_BEARER_UNAVAILABLE

EVT_ID_SRV_CBM_BEARER_AVAILABLE

EVT_ID_SRV_CBM_BEARER_INFO

EVT_ID_SRV_CBM_BEARER_EVENT

EVT_ID_SRV_CBM_WLAN_QUERY

EVT_ID_SRV_CBM_WLAN_UNUSED

EVT_ID_SRV_CHARBAT_NOTIFY

EVT_ID_SRV_CHARBAT_REMIND_LOW_POWER

EVT_ID_SRV_CPHS_CSP_REFRESH

EVT_ID_MMI_DL_CAL_DATA_NOTIFY

EVT_ID_SRV_FMGR_NOTIFICATION_ADV_ACTION

EVT_ID_SRV_FMGR_NOTIFICATION_DEV_PLUG_IN

EVT_ID_SRV_FMGR_NOTIFICATION_DEV_PLUG_OUT

EVT_ID_SRV_FMGR_NOTIFICATION_DEV_SOFT_MOUNT

EVT_ID_SRV_FMGR_NOTIFICATION_DEV_READY

EVT_ID_SRV_FMGR_NOTIFICATION_FORMAT

EVT_ID_SRV_FMGR_NOTIFICATION_SET_DEF_STORAGE

EVT_ID_SRV_FMGRI_CARD_PLUG_IN

EVT_ID_SRV_FMGRI_CARD_PLUG_OUT

EVT_ID_SRV_FMGRI_CARD_DISPLAY_MOUNTING

EVT_ID_SETTING_LANGUAGE_CHANGED

EVT_ID_SRV_SETTING_UART_SETTING_CHANGED

EVT_ID_SRV_MODE_SWITCH_PRE_NOTIFY

EVT_ID_SRV_MODE_SWITCH_SWITCH_OTHER_NOTIFY

EVT_ID_SRV_MODE_SWITCH_FINISH_NOTIFY

EVT_ID_NMGR_FORCE_DEFER_QUERY

EVT_ID_SRV_NW_INFO_STATUS_CHANGED

EVT_ID_SRV_NW_INFO_SERVICE_AVAILABILITY_CHANGED

EVT_ID_SRV_NW_INFO_SIGNAL_STRENGTH_CHANGED

EVT_ID_SRV_NW_INFO_LOCATION_CHANGED

EVT_ID_SRV_NW_INFO_ROAMING_STATUS_CHANGED

EVT_ID_SRV_NW_INFO_PROTOCOL_CAPABILITY_CHANGED

EVT_ID_SRV_NW_INFO_SIM_DN_STATUS_CHANGED

EVT_ID_SRV_NW_INFO_REGISTER_FAILED

EVT_ID_PHB_ADD_CONTACT

EVT_ID_PHB_UPD_CONTACT

EVT_ID_PHB_DEL_CONTACT

EVT_ID_PHB_PRE_UPDATE_CONTACT

EVT_ID_PHB_READY

EVT_ID_PHB_OWNER_NUMBER_CHANGED

EVT_ID_PHB_OP_GROUP

EVT_ID_PHB_MULTI_OP_STATUS

EVT_ID_PHB_STORAGE_CHANGE

EVT_ID_PHB_NAME_SEQUENCE_CHANGE

EVT_ID_PHB_BACKUP_RESTORE_NCENTER

EVT_ID_PHB_FIELD_TYPE_CHNAGED_IND

EVT_ID_PHB_MULTI_OP_DONE

EVT_ID_PHB_PBAPC_NOTIFY

EVT_ID_PBAP_NOTIFY

EVT_ID_SRV_PNS_START_REGISTER

EVT_ID_SRV_PNS_ENTER_NS

EVT_ID_SRV_RESTORE_START_NOTIFY

EVT_ID_SRV_SAT_PROACTIVE_SIM

EVT_ID_SRV_SAT_SETUP_MENU

EVT_ID_SRV_SAT_SETUP_IDLE_DISPLAY

EVT_ID_SRV_SAT_SIM_REFRESH

EVT_ID_SRV_SAT_SESSION_END

EVT_ID_SRV_SAT_SIM_CTRL_INFO

EVT_ID_AUTO_ROTATE_QUERY

EVT_ID_ORIENTATION_CHANGED

EVT_ID_SRV_SHUTDOWN_NORMAL_START

EVT_ID_SRV_SHUTDOWN_DEINIT

EVT_ID_SRV_SHUTDOWN_HANDLER_RESET

EVT_ID_SRV_SHUTDOWN_FINAL_DEINIT

EVT_ID_SRV_SIM_CTRL_AVAILABILITY_CHANGED

EVT_ID_SRV_SIM_CTRL_AVAILABLE

EVT_ID_SRV_SIM_CTRL_UNAVAILABLE

EVT_ID_SRV_SIM_CT