('--mg', '3072')
('--sg', '3072')
('-m', 'all')
('-i', '5')
Root of SW-Load:	H:\6261A\11CW1352MP_BIRD61A_11C_V33_GPRS_MMI
Compressor:	LZMA
Multi-Image Group Size Limit:	3072
Single-Image Group Size Limit:	3072
Boot-Image Group Size Limit:	3072
Boot-Image ID:	Not Set
Image Index Field Length:	5
[V][14:49:45][TID:8872][PY:ImageParamTextFileDAO]Load Image Resource Params from offline_xml_image_repo.txt
[V][14:49:45][TID:8872][PY:ImageParamTextFileDAO]Load Image Resource Params from offline_pre_xml_legacy_image_repo.txt
[V][14:49:45][TID:8872][PY:ImageParamTextFileDAO]Load Image Resource Params from offline_post_xml_legacy_image_repo.txt
Finish parse, Total Image: 228 Totl size:143355
==========================================
Default MMIResource
==========================================
[Symbol]	[File Size]
________CUSTOMER__IMAGES__EMPTYIMAGE_BMP	8
________CUSTOMER__IMAGES__PLUTO240X320__MAINLCD__UIELEMENT__CHECKBOX__CK_V_BMP	218
________CUSTOMER__IMAGES__PLUTO240X320__MAINLCD__ALARM__OA_STATU_BMP	218
________CUSTOMER__IMAGES__PLUTO240X320__MAINLCD__ALARM__OA_TIME_BMP	426
________CUSTOMER__IMAGES__PLUTO240X320__MAINLCD__ALARM__OA_REPT_BMP	478
________CUSTOMER__IMAGES__PLUTO240X320__MAINLCD__WARNINGPAGE__POPUPPAGE__PP_QUE_PNG	854
________CUSTOMER__IMAGES__PLUTO240X320__MAINLCD__WARNINGPAGE__POPUPPAGE__PP_SAV_PNG	907
________CUSTOMER__IMAGES__PLUTO240X320__MAINLCD__WARNINGPAGE__POPUPPAGE__PP_DEL_PNG	905
________CUSTOMER__IMAGES__PLUTO240X320__MAINLCD__WARNINGPAGE__POPUPPAGE__PP_WARN_PNG	803
________CUSTOMER__IMAGES__PLUTO240X320__MAINLCD__WARNINGPAGE__POPUPPAGE__PP_PRO_PNG	1379
________CUSTOMER__IMAGES__PLUTO240X320__MAINLCD__WARNINGPAGE__POPUPPAGE__PP_ERR_PNG	898
________CUSTOMER__IMAGES__PLUTO240X320__MAINLCD__WARNINGPAGE__POPUPPAGE__PP_INF_PNG	774
________CUSTOMER__IMAGES__PLUTO240X320__MAINLCD__WARNINGPAGE__POPUPPAGE__PP_SUC_PNG	858
________CUSTOMER__IMAGES__PLUTO240X320__MAINLCD__WARNINGPAGE__POPUPPAGE__PP_FAIL_PNG	914
________CUSTOMER__IMAGES__DEFAULT_BMP	84
________CUSTOMER__IMAGES__PLUTO240X320__MAINLCD__UIELEMENT__SOFTKEY__CALL_CSK_BMP	84
________CUSTOMER__IMAGES__PLUTO240X320__MAINLCD__UIELEMENT__SOFTKEY__COMMON_CSK_BMP	220
________CUSTOMER__IMAGES__PLUTO240X320__MAINLCD__UIELEMENT__SOFTKEY__DIAL_PAD_CSK_BMP	102
________CUSTOMER__IMAGES__PLUTO240X320__MAINLCD__UIELEMENT__SOFTKEY__FORWARD_MSG_CSK_BMP	142
________CUSTOMER__IMAGES__PLUTO240X320__MAINLCD__UIELEMENT__SOFTKEY__MARK_CSK_BMP	84
________CUSTOMER__IMAGES__PLUTO240X320__MAINLCD__UIELEMENT__SOFTKEY__NEXT_CSK_BMP	74
________CUSTOMER__IMAGES__PLUTO240X320__MAINLCD__UIELEMENT__SOFTKEY__OPTION_CSK_BMP	72
________CUSTOMER__IMAGES__PLUTO240X320__MAINLCD__UIELEMENT__SOFTKEY__REPLY_MSG_CSK_BMP	142
________CUSTOMER__IMAGES__PLUTO240X320__MAINLCD__UIELEMENT__SOFTKEY__SAVE_CSK_BMP	148
________CUSTOMER__IMAGES__PLUTO240X320__MAINLCD__UIELEMENT__SOFTKEY__SEARCHWEB_CSK_BMP	220
________CUSTOMER__IMAGES__PLUTO240X320__MAINLCD__UIELEMENT__SOFTKEY__SEND_MSG_CSK_BMP	162
________CUSTOMER__IMAGES__PLUTO240X320__MAINLCD__UIELEMENT__SOFTKEY__WEB_BROWSER_CSK_BMP	130
________CUSTOMER__IMAGES__PLUTO240X320__MAINLCD__UIELEMENT__SIM__SIM1_BMP	264
________CUSTOMER__IMAGES__PLUTO240X320__MAINLCD__UIELEMENT__SIM__SIM2_BMP	290
________CUSTOMER__IMAGES__PLUTO240X320__MAINLCD__WAP__SB_WAP_PNG	822
________CUSTOMER__IMAGES__PLUTO240X320__MAINLCD__FILEMANAGER__FM_SIIMAGE_BMP	124
________CUSTOMER__IMAGES__PLUTO240X320__MAINLCD__FILEMANAGER__FM_SIAUDIO_BMP	166
________CUSTOMER__IMAGES__PLUTO240X320__MAINLCD__FILEMANAGER__FM_LIBMP_GIF	2603
________CUSTOMER__IMAGES__PLUTO240X320__MAINLCD__FILEMANAGER__FM_LIGIF_GIF	2596
________CUSTOMER__IMAGES__PLUTO240X320__MAINLCD__FILEMANAGER__FM_LIWBMP_GIF	2619
________CUSTOMER__IMAGES__PLUTO240X320__MAINLCD__FILEMANAGER__FM_LIEMS_GIF	2073
________CUSTOMER__IMAGES__PLUTO240X320__MAINLCD__FILEMANAGER__FM_LIANM_GIF	2079
________CUSTOMER__IMAGES__PLUTO240X320__MAINLCD__FILEMANAGER__FM_LIIMY_GIF	3407
________CUSTOMER__IMAGES__PLUTO240X320__MAINLCD__FILEMANAGER__FM_LIMIDI_GIF	3411
________CUSTOMER__IMAGES__PLUTO240X320__MAINLCD__FILEMANAGER__FM_LIWAV_GIF	3414
________CUSTOMER__IMAGES__PLUTO240X320__MAINLCD__FILEMANAGER__FM_LIAMR_GIF	3415
________CUSTOMER__IMAGES__PLUTO240X320__MAINLCD__FILEMANAGER__FM_LIVM_GIF	2588
________CUSTOMER__IMAGES__PLUTO240X320__MAINLCD__FILEMANAGER__FM_VXP_GIF	799
________CUSTOMER__IMAGES__PLUTO240X320__MAINLCD__FILEMANAGER__FM_SMALL_VXP_BMP	360
________CUSTOMER__IMAGES__PLUTO240X320__MAINLCD__TITLEBAR__TB_MRE_EDITOR_PBM	8
________CUSTOMER__IMAGES__PLUTO240X320__MAINLCD__MREAPP__AM_APP_DEFAULT_GIF	1454
________CUSTOMER__IMAGES__PLUTO240X320__MAINLCD__VUI__LAUNCHER__MAINMENU__ICONS__IMAGEVIEWER_PNG	3164
________CUSTOMER__IMAGES__PLUTO240X320__MAINLCD__CAMERA__IMAGEVIEWER__IV_ERROR_BMP	526
________CUSTOMER__IMAGES__PLUTO240X320__MAINLCD__CAMERA__IMAGEVIEWER__IV_LOAD_BMP	324
________CUSTOMER__IMAGES__PLUTO240X320__MAINLCD__VUI__LAUNCHER__MAINMENU__ICONS__SOUNDRECORDER_PNG	1324
________CUSTOMER__IMAGES__PLUTO240X320__MAINLCD__SOUNDRECORDER__SB_SR_BMP	246
________CUSTOMER__IMAGES__PLUTO240X320__MAINLCD__SNDREC__SR_BG_GIF	1255
________CUSTOMER__IMAGES__PLUTO240X320__MAINLCD__SNDREC__SR_RECORDING_GIF	2105
________CUSTOMER__IMAGES__PLUTO240X320__MAINLCD__SNDREC__SR_RECORD_UP_BMP	250
________CUSTOMER__IMAGES__PLUTO240X320__MAINLCD__SNDREC__SR_RECORD_DOWN_BMP	256
________CUSTOMER__IMAGES__PLUTO240X320__MAINLCD__SNDREC__SR_R_PAUSE_UP_BMP	286
________CUSTOMER__IMAGES__PLUTO240X320__MAINLCD__SNDREC__SR_R_PAUSE_DOWN_BMP	290
________CUSTOMER__IMAGES__PLUTO240X320__MAINLCD__SNDREC__SR_PLAY_UP_BMP	256
________CUSTOMER__IMAGES__PLUTO240X320__MAINLCD__SNDREC__SR_PLAY_DOWN_BMP	260
________CUSTOMER__IMAGES__PLUTO240X320__MAINLCD__SNDREC__SR_PAUSE_UP_BMP	286
________CUSTOMER__IMAGES__PLUTO240X320__MAINLCD__SNDREC__SR_PAUSE_DOWN_BMP	290
________CUSTOMER__IMAGES__PLUTO240X320__MAINLCD__SNDREC__SR_PREVIOUS_UP_BMP	294
________CUSTOMER__IMAGES__PLUTO240X320__MAINLCD__SNDREC__SR_PREVIOUS_DOWN_BMP	300
________CUSTOMER__IMAGES__PLUTO240X320__MAINLCD__SNDREC__SR_NEXT_UP_BMP	294
________CUSTOMER__IMAGES__PLUTO240X320__MAINLCD__SNDREC__SR_NEXT_DOWN_BMP	300
________CUSTOMER__IMAGES__PLUTO240X320__MAINLCD__SNDREC__SR_RECORD_DISABLE_BMP	250
________CUSTOMER__IMAGES__PLUTO240X320__MAINLCD__SNDREC__SR_PLAY_DISABLE_BMP	256
________CUSTOMER__IMAGES__PLUTO240X320__MAINLCD__SNDREC__SR_PREVIOUS_DISABLE_BMP	294
________CUSTOMER__IMAGES__PLUTO240X320__MAINLCD__SNDREC__SR_NEXT_DISABLE_BMP	294
________CUSTOMER__IMAGES__PLUTO240X320__MAINLCD__MULTIMEDIA__PLAY_ANIMATION_PNG	3114
________CUSTOMER__IMAGES__PLUTO240X320__MAINLCD__SUBMENU__CALL__CC_CALLHISTORY_BMP	484
________CUSTOMER__IMAGES__PLUTO240X320__MAINLCD__VUI__LAUNCHER__MAINMENU__ICONS__CALLLOG_PNG	1444
________CUSTOMER__IMAGES__PLUTO240X320__MAINLCD__CALL__MISSED__CL_MIS_PNG	2502
________CUSTOMER__IMAGES__PLUTO240X320__MAINLCD__CALL__SUBMENU__SB_CDIA_BMP	102
________CUSTOMER__IMAGES__PLUTO240X320__MAINLCD__CALL__SUBMENU__SB_CMIS_BMP	248
________CUSTOMER__IMAGES__PLUTO240X320__MAINLCD__CALL__SUBMENU__SB_CREC_BMP	102
________CUSTOMER__IMAGES__PLUTO240X320__MAINLCD__MSPACE__M_SPACE_PNG	2208
________CUSTOMER__IMAGES__PLUTO240X320__MAINLCD__MSPACE__MSPACE_SUB_PNG	1228
________CUSTOMER__IMAGES__PLUTO240X320__MAINLCD__MSPACE__DEFAULT_01_9SLICE_PNG	268
________CUSTOMER__IMAGES__PLUTO240X320__MAINLCD__MSPACE__DONE_PNG	680
________CUSTOMER__IMAGES__PLUTO240X320__MAINLCD__MSPACE__UPDATE_PNG	626
________CUSTOMER__IMAGES__PLUTO240X320__MAINLCD__VUI__LAUNCHER__MAINMENU__ICONS__PROFILE_PNG	2180
________CUSTOMER__IMAGES__PLUTO240X320__MAINLCD__VUI__LAUNCHER__MAINMENU__ICONS__FMGR_PNG	1342
________CUSTOMER__IMAGES__PLUTO240X320__MAINLCD__FILEMANAGER__FM_LIPNG0_GIF	1321
________CUSTOMER__IMAGES__PLUTO240X320__MAINLCD__FILEMANAGER__FM_LIPNG10_GIF	1359
________CUSTOMER__IMAGES__PLUTO240X320__MAINLCD__FILEMANAGER__FM_LIPNG20_GIF	1239
________CUSTOMER__IMAGES__PLUTO240X320__MAINLCD__FILEMANAGER__FM_LIPNG30_GIF	1157
________CUSTOMER__IMAGES__PLUTO240X320__MAINLCD__FILEMANAGER__FM_LIPNG40_GIF	1120
________CUSTOMER__IMAGES__PLUTO240X320__MAINLCD__FILEMANAGER__FM_LIPNG50_GIF	1032
________CUSTOMER__IMAGES__PLUTO240X320__MAINLCD__FILEMANAGER__FM_LIPNG60_GIF	1028
________CUSTOMER__IMAGES__PLUTO240X320__MAINLCD__FILEMANAGER__FM_LIPNG70_GIF	950
________CUSTOMER__IMAGES__PLUTO240X320__MAINLCD__FILEMANAGER__FM_LIPNG80_GIF	877
________CUSTOMER__IMAGES__PLUTO240X320__MAINLCD__FILEMANAGER__FM_LIPNG90_GIF	760
________CUSTOMER__IMAGES__PLUTO240X320__MAINLCD__FILEMANAGER__FM_LIPNG100_GIF	498
________CUSTOMER__IMAGES__PLUTO240X320__MAINLCD__FILEMANAGER__FM_CARD_BMP	152
________CUSTOMER__IMAGES__PLUTO240X320__MAINLCD__FILEMANAGER__FM_PHONE_BMP	250
________CUSTOMER__IMAGES__PLUTO240X320__MAINLCD__FILEMANAGER__FM_SIFOLDER_BMP	140
________CUSTOMER__IMAGES__PLUTO240X320__MAINLCD__FILEMANAGER__FM_SIUNKNOWN_BMP	156
________CUSTOMER__IMAGES__PLUTO240X320__MAINLCD__FILEMANAGER__FM_LIUNKNOWN_BMP	359
________CUSTOMER__IMAGES__PLUTO240X320__MAINLCD__FILEMANAGER__FM_LIFOLDER_BMP	279
________CUSTOMER__IMAGES__PLUTO240X320__MAINLCD__FILEMANAGER__FM_TAB_CARD_BMP	132
________CUSTOMER__IMAGES__PLUTO240X320__MAINLCD__FILEMANAGER__FM_TAB_PHONE_BMP	140
________CUSTOMER__IMAGES__PLUTO240X320__MAINLCD__VUI__LAUNCHER__MAINMENU__ICONS__SETTING_PNG	1970
________CUSTOMER__IMAGES__PLUTO240X320__MAINLCD__TITLEBAR__TB_ST_PNG	8
________CUSTOMER__IMAGES__PLUTO240X320__MAINLCD__TODOLIST__ICON__MEETING_BMP	466
________CUSTOMER__IMAGES__PLUTO240X320__MAINLCD__SUBMENU__SETTINGS__ST_HOME_BMP	580
________CUSTOMER__IMAGES__PLUTO240X320__MAINLCD__SUBMENU__SETTINGS__SB_UNKNOW_BMP	814
________CUSTOMER__IMAGES__PLUTO240X320__MAINLCD__SUBMENU__SETTINGS__SB_OFF_BMP	562
________CUSTOMER__IMAGES__PLUTO240X320__MAINLCD__VUI__LAUNCHER__MAINMENU__ICONS__SAT_PNG	2342
________CUSTOMER__IMAGES__PLUTO240X320__MAINLCD__VUI__LAUNCHER__MAINMENU__ICONS__CALCULATOR_PNG	1170
________CUSTOMER__IMAGES__PLUTO240X320__MAINLCD__CALCULATOR__SLIM__MAP_PNG	4186
________CUSTOMER__IMAGES__PLUTO240X320__MAINLCD__CALCULATOR__SLIM__EQUAL_BMP	106
________CUSTOMER__IMAGES__PLUTO240X320__MAINLCD__CALCULATOR__SLIM__PLUS_BMP	162
________CUSTOMER__IMAGES__PLUTO240X320__MAINLCD__CALCULATOR__SLIM__MULTI_BMP	252
________CUSTOMER__IMAGES__PLUTO240X320__MAINLCD__CALCULATOR__SLIM__DIVIDE_BMP	186
________CUSTOMER__IMAGES__PLUTO240X320__MAINLCD__ALARM__ALARM_PNG	836
________CUSTOMER__IMAGES__PLUTO240X320__MAINLCD__VUI__LAUNCHER__MAINMENU__ICONS__ALARM_PNG	2096
________CUSTOMER__IMAGES__PLUTO240X320__MAINLCD__ALARM__OA_AUDIO_BMP	730
________CUSTOMER__IMAGES__PLUTO240X320__MAINLCD__TITLEBAR__TB_OR_PNG	8
________CUSTOMER__IMAGES__PLUTO240X320__MAINLCD__VUI__LAUNCHER__MAINMENU__ICONS__CALENDAR_PNG	944
________CUSTOMER__IMAGES__PLUTO240X320__MAINLCD__VUI__LAUNCHER__MAINMENU__ICONS__CALL_PNG	1950
________CUSTOMER__IMAGES__PLUTO240X320__MAINLCD__CALL__OUTGOING__CL_ACT_BMP	288
________CUSTOMER__IMAGES__PLUTO240X320__MAINLCD__CALL__OUTGOING__CL_HOLD_BMP	262
________CUSTOMER__IMAGES__PLUTO240X320__MAINLCD__CALL__CALLCENTER__CC_ACTIVECALL_BMP	522
________CUSTOMER__IMAGES__PLUTO240X320__MAINLCD__TITLEBAR__TB_MG_PNG	8
________CUSTOMER__IMAGES__PLUTO240X320__MAINLCD__SMS__SUBMENU__INBOX__SS_READ_BMP	182
________CUSTOMER__IMAGES__PLUTO240X320__MAINLCD__SMS__SUBMENU__INBOX__SS_UREAD_BMP	158
________CUSTOMER__IMAGES__PLUTO240X320__MAINLCD__SMS__SUBMENU__OUTBOX__SS_SENT_BMP	162
________CUSTOMER__IMAGES__PLUTO240X320__MAINLCD__SMS__SUBMENU__OUTBOX__SS_FAILTOSENT_BMP	326
________CUSTOMER__IMAGES__PLUTO240X320__MAINLCD__SMS__SUBMENU__INBOX__SS_NCOMP_BMP	176
________CUSTOMER__IMAGES__PLUTO240X320__MAINLCD__VUI__LAUNCHER__MAINMENU__ICONS__MESSAGE_PNG	1352
________CUSTOMER__IMAGES__PLUTO240X320__MAINLCD__SUBMENU__UNIMESSAGE__UNI_MG_BMP	160
________CUSTOMER__IMAGES__PLUTO240X320__MAINLCD__VUI__LAUNCHER__MAINMENU__FONT_BG_9SLICE_PNG	150
________CUSTOMER__IMAGES__PLUTO240X320__MAINLCD__VUI__LAUNCHER__MAINMENU__ICONS__CONTACT_PNG	1394
________CUSTOMER__IMAGES__PLUTO240X320__MAINLCD__PHONEBOOK__PHB_CSK_ADD_BMP	132
________CUSTOMER__IMAGES__PLUTO240X320__MAINLCD__PHONEBOOK__PHB_CSK_EDIT_BMP	168
________CUSTOMER__IMAGES__PLUTO240X320__MAINLCD__PHONEBOOK__PHB_CSK_MARK_BMP	88
________CUSTOMER__IMAGES__PLUTO240X320__MAINLCD__TITLEBAR__TB_PB_PNG	8
________CUSTOMER__IMAGES__PLUTO240X320__MAINLCD__PHONEBOOK__PBVIEW__PV_NAME_BMP	192
________CUSTOMER__IMAGES__PLUTO240X320__MAINLCD__PHONEBOOK__PBVIEW__PV_PHONE_BMP	290
________CUSTOMER__IMAGES__PLUTO240X320__MAINLCD__PHONEBOOK__PBVIEW__PV_MORE_BMP	346
________CUSTOMER__IMAGES__PLUTO240X320__MAINLCD__PHONEBOOK__PBVIEW__PV_NEW_NUMBER_BMP	394
________CUSTOMER__IMAGES__PLUTO240X320__MAINLCD__PHONEBOOK__PBVIEW__PV_PIC_BMP	298
________CUSTOMER__IMAGES__PLUTO240X320__MAINLCD__PHONEBOOK__PBVIEW__PV_RING_BMP	328
________CUSTOMER__IMAGES__PLUTO240X320__MAINLCD__PHONEBOOK__PBVIEW__PV_INSIM_BMP	214
________CUSTOMER__IMAGES__PLUTO240X320__MAINLCD__PHONEBOOK__PBVIEW__PV_INPH_BMP	222
________CUSTOMER__IMAGES__PLUTO240X320__MAINLCD__IDLESCREEN__STATUSICONS__SIGNAL__SI_SIG	484
________CUSTOMER__IMAGES__PLUTO240X320__MAINLCD__IDLESCREEN__STATUSICONS__SI_L1_PNG	292
________CUSTOMER__IMAGES__PLUTO240X320__MAINLCD__IDLESCREEN__STATUSICONS__SI_L2_PNG	292
________CUSTOMER__IMAGES__PLUTO240X320__MAINLCD__IDLESCREEN__STATUSICONS__BATTERY__SI_BAT	724
________CUSTOMER__IMAGES__PLUTO240X320__MAINLCD__IDLESCREEN__STATUSICONS__SI_LOCK_PNG	302
________CUSTOMER__IMAGES__PLUTO240X320__MAINLCD__IDLESCREEN__STATUSICONS__SI_VIB_PNG	308
________CUSTOMER__IMAGES__PLUTO240X320__MAINLCD__IDLESCREEN__STATUSICONS__SI_SILENT_PNG	270
________CUSTOMER__IMAGES__PLUTO240X320__MAINLCD__IDLESCREEN__STATUSICONS__SI_RING_PNG	266
________CUSTOMER__IMAGES__PLUTO240X320__MAINLCD__IDLESCREEN__STATUSICONS__SI_VR_PNG	232
________CUSTOMER__IMAGES__PLUTO240X320__MAINLCD__IDLESCREEN__STATUSICONS__SI_VTR_PNG	268
________CUSTOMER__IMAGES__PLUTO240X320__MAINLCD__IDLESCREEN__STATUSICONS__SI_ALARM_PNG	378
________CUSTOMER__IMAGES__PLUTO240X320__MAINLCD__IDLESCREEN__STATUSICONS__SI_RM_PNG	298
________CUSTOMER__IMAGES__PLUTO240X320__MAINLCD__IDLESCREEN__STATUSICONS__SI_MCA_PNG	272
________CUSTOMER__IMAGES__PLUTO240X320__MAINLCD__IDLESCREEN__STATUSICONS__SI_EAR_PNG	274
________CUSTOMER__IMAGES__PLUTO240X320__MAINLCD__IDLESCREEN__STATUSICONS__SI_USB_PNG	142
________CUSTOMER__IMAGES__PLUTO240X320__MAINLCD__IDLESCREEN__STATUSICONS__SI_VOML_PNG	316
________CUSTOMER__IMAGES__PLUTO240X320__MAINLCD__IDLESCREEN__STATUSICONS__SI_FM_PNG	384
________CUSTOMER__IMAGES__PLUTO240X320__MAINLCD__IDLESCREEN__STATUSICONS__SI_EM_PNG	284
________CUSTOMER__IMAGES__PLUTO240X320__MAINLCD__IDLESCREEN__STATUSICONS__SI_NET_PNG	186
________CUSTOMER__IMAGES__PLUTO240X320__MAINLCD__IDLESCREEN__STATUSICONS__SI_VDL_PNG	406
________CUSTOMER__IMAGES__PLUTO240X320__MAINLCD__IDLESCREEN__STATUSICONS__SI_MGE_PNG	386
________CUSTOMER__IMAGES__PLUTO240X320__MAINLCD__IDLESCREEN__STATUSICONS__SI_MGE_FULL_PNG	162
________CUSTOMER__IMAGES__PLUTO240X320__MAINLCD__IDLESCREEN__STATUSICONS__SI_FOR_PNG	326
________CUSTOMER__IMAGES__PLUTO240X320__MAINLCD__IDLESCREEN__STATUSICONS__SI_MUTE_PNG	266
________CUSTOMER__IMAGES__PLUTO240X320__MAINLCD__IDLESCREEN__STATUSICONS__SI_OUTBOXIND_PNG	428
________CUSTOMER__IMAGES__PLUTO240X320__MAINLCD__IDLESCREEN__STATUSICONS__SI_MRE_DEFAULT_PNG	408
________CUSTOMER__IMAGES__PLUTO240X320__MAINLCD__IDLESCREEN__STATUSICONS__SI_CSD_PNG	286
________CUSTOMER__IMAGES__PLUTO240X320__MAINLCD__IDLESCREEN__STATUSICONS__SI_GPRS_PNG	290
________CUSTOMER__IMAGES__PLUTO240X320__MAINLCD__IDLESCREEN__STATUSICONS__SI_GPRSC_PNG	292
________CUSTOMER__IMAGES__PLUTO240X320__MAINLCD__CALL__OUTGOING__CL_LINE1_BMP	186
________CUSTOMER__IMAGES__PLUTO240X320__MAINLCD__CALL__OUTGOING__CL_LINE2_BMP	176
________CUSTOMER__IMAGES__PLUTO240X320__MAINLCD__CALL__CONNECT__CL_NET_PNG	2218
________CUSTOMER__IMAGES__PLUTO240X320__MAINLCD__CALL__ENDED__CL_END_GIF	930
________CUSTOMER__IMAGES__PLUTO240X320__MAINLCD__UIELEMENT__SLIDECONTROLS__V_BG_PNG	1246
________CUSTOMER__IMAGES__PLUTO240X320__MAINLCD__UIELEMENT__VALUEMAP__MAP_9SLICE_PNG	284
________CUSTOMER__IMAGES__PLUTO240X320__MAINLCD__UIELEMENT__VALUEMAP__INDICATE_BMP	144
________CUSTOMER__IMAGES__PLUTO240X320__MAINLCD__EDIT__MUT_BMP	126
________CUSTOMER__IMAGES__PLUTO240X320__MAINLCD__UIELEMENT__ARROW__PV_ARL_BMP	122
________CUSTOMER__IMAGES__PLUTO240X320__MAINLCD__UIELEMENT__ARROW__PV_ARR_BMP	122
________CUSTOMER__IMAGES__PLUTO240X320__MAINLCD__UIELEMENT__CASCADINGMENU__ARROW_DISABLE_L_PNG	38
________CUSTOMER__IMAGES__PLUTO240X320__MAINLCD__UIELEMENT__CASCADINGMENU__ARROW_DISABLE_R_PNG	38
________CUSTOMER__IMAGES__PLUTO240X320__MAINLCD__CALL__TOUCH__CALL_BMP	256
________CUSTOMER__IMAGES__PLUTO240X320__MAINLCD__IDLESCREEN__TECHNO__SMALLCLOCK__0030_BMP	174
________CUSTOMER__IMAGES__PLUTO240X320__MAINLCD__IDLESCREEN__TECHNO__SMALLCLOCK__0031_BMP	114
________CUSTOMER__IMAGES__PLUTO240X320__MAINLCD__IDLESCREEN__TECHNO__SMALLCLOCK__0032_BMP	156
________CUSTOMER__IMAGES__PLUTO240X320__MAINLCD__IDLESCREEN__TECHNO__SMALLCLOCK__0033_BMP	148
________CUSTOMER__IMAGES__PLUTO240X320__MAINLCD__IDLESCREEN__TECHNO__SMALLCLOCK__0034_BMP	148
________CUSTOMER__IMAGES__PLUTO240X320__MAINLCD__IDLESCREEN__TECHNO__SMALLCLOCK__0035_BMP	152
________CUSTOMER__IMAGES__PLUTO240X320__MAINLCD__IDLESCREEN__TECHNO__SMALLCLOCK__0036_BMP	172
________CUSTOMER__IMAGES__PLUTO240X320__MAINLCD__IDLESCREEN__TECHNO__SMALLCLOCK__0037_BMP	150
________CUSTOMER__IMAGES__PLUTO240X320__MAINLCD__IDLESCREEN__TECHNO__SMALLCLOCK__0038_BMP	174
________CUSTOMER__IMAGES__PLUTO240X320__MAINLCD__IDLESCREEN__TECHNO__SMALLCLOCK__0039_BMP	154
________CUSTOMER__IMAGES__PLUTO240X320__MAINLCD__IDLESCREEN__TECHNO__SMALLCLOCK__AM_BMP	280
________CUSTOMER__IMAGES__PLUTO240X320__MAINLCD__IDLESCREEN__TECHNO__SMALLCLOCK__PM_BMP	280
________CUSTOMER__IMAGES__PLUTO240X320__MAINLCD__IDLESCREEN__TECHNO__SMALLCLOCK__0021_BMP	66
________CUSTOMER__IMAGES__PLUTO240X320__MAINLCD__UIELEMENT__TABBAR__TAB_BAR_MIDDLE_PNG	74
________CUSTOMER__IMAGES__PLUTO240X320__MAINLCD__UIELEMENT__TABBAR__TAB_BAR_LEFT_PNG	236
________CUSTOMER__IMAGES__PLUTO240X320__MAINLCD__UIELEMENT__TABBAR__TAB_BAR_RIGHT_PNG	240
________CUSTOMER__IMAGES__PLUTO240X320__MAINLCD__UIELEMENT__TABBAR__FOCUSED_TAB_BAR_MIDDLE_PNG	84
________CUSTOMER__IMAGES__PLUTO240X320__MAINLCD__UIELEMENT__TABBAR__FOCUSED_TAB_BAR_LEFT_PNG	270
________CUSTOMER__IMAGES__PLUTO240X320__MAINLCD__UIELEMENT__TABBAR__FOCUSED_TAB_BAR_RIGHT_PNG	270
________CUSTOMER__IMAGES__PLUTO240X320__MAINLCD__UIELEMENT__TABBAR__TAB_BAR_BLINK_MIDDLE_PNG	90
________CUSTOMER__IMAGES__PLUTO240X320__MAINLCD__UIELEMENT__TABBAR__TAB_BAR_BLINK_LEFT_PNG	178
________CUSTOMER__IMAGES__PLUTO240X320__MAINLCD__UIELEMENT__TABBAR__TAB_BAR_BLINK_RIGHT_PNG	196
________CUSTOMER__IMAGES__PLUTO240X320__MAINLCD__UIELEMENT__TABBAR__TAB_ARROW_L_GIF	101
________CUSTOMER__IMAGES__PLUTO240X320__MAINLCD__UIELEMENT__TABBAR__TAB_ARROW_R_GIF	102
________CUSTOMER__IMAGES__PLUTO240X320__MAINLCD__UIELEMENT__PROGRESSBAR__LOAD_LEFT_BMP	238
________CUSTOMER__IMAGES__PLUTO240X320__MAINLCD__UIELEMENT__PROGRESSBAR__LOAD_RIGHT_BMP	238
________CUSTOMER__IMAGES__PLUTO240X320__MAINLCD__UIELEMENT__PROGRESSBAR__LOAD_BG_BMP	350
________CUSTOMER__IMAGES__PLUTO240X320__MAINLCD__UIELEMENT__COLORSLIDER__COLOR_SLIDER_ARROW_BMP	32
________CUSTOMER__IMAGES__PLUTO240X320__MAINLCD__UIELEMENT__TEXTBG__TBG_MID_9SLICE_PNG	46
________CUSTOMER__IMAGES__PLUTO240X320__MAINLCD__DLAGENT__PROGRESS_BG_9SLICE_PNG	58
________CUSTOMER__IMAGES__PLUTO240X320__MAINLCD__DLAGENT__PROGRESS_FULL_9SLICE_PNG	94
________CUSTOMER__IMAGES__PLUTO240X320__MAINLCD__UIELEMENT__RADIOBUTTON__RO_S_PNG	300
________CUSTOMER__IMAGES__PLUTO240X320__MAINLCD__UIELEMENT__RADIOBUTTON__RO_UNS_PNG	208
________CUSTOMER__IMAGES__PLUTO240X320__MAINLCD__UIELEMENT__CHECKBOX__CK_S_PNG	130
________CUSTOMER__IMAGES__PLUTO240X320__MAINLCD__UIELEMENT__CHECKBOX__CK_UNS_PNG	106
________CUSTOMER__IMAGES__PLUTO240X320__MAINLCD__UIELEMENT__CHARGER__CHARGING_GIF	977
________CUSTOMER__IMAGES__PLUTO240X320__MAINLCD__UIELEMENT__CHARGER__CHARGE_DONE_GIF	1428
________CUSTOMER__IMAGES__PLUTO240X320__MAINLCD__VUI__LAUNCHER__MAINMENU__ICONS__CONNECT_PNG	2290
________CUSTOMER__IMAGES__PLUTO240X320__MAINLCD__MREAPP__AM_APP_OPERA_GIF	1383
________CUSTOMER__IMAGES__PLUTO240X320__MAINLCD__MREAPP__AM_LOADING_BMP	2499
==========================================
Total Image Size = 143355
==========================================
File Mappings
==========================================
Image Number Limit of a Group:31
Group Number Limit:1023
=======================================================
LZMA: Sinal Group Compress
=======================================================
[Orig. Size]	[Compressed Size]	[Compression Ratio]
Read data from .\temp\image_group_0.bin.lzma
Read data from .\temp\image_group_0.bin.lzma.verify
Unit Test Passed
2214	1918	0.86630532972
2214	1918	0.86630532972
image_group_0, images:
________CUSTOMER__IMAGES__PLUTO240X320__MAINLCD__UIELEMENT__CHECKBOX__CK_V_BMP
Group: 0, Offset: 0
________CUSTOMER__IMAGES__PLUTO240X320__MAINLCD__ALARM__OA_STATU_BMP
Group: 0, Offset: 1
________CUSTOMER__IMAGES__PLUTO240X320__MAINLCD__ALARM__OA_TIME_BMP
Group: 0, Offset: 2
________CUSTOMER__IMAGES__PLUTO240X320__MAINLCD__ALARM__OA_REPT_BMP
Group: 0, Offset: 3
________CUSTOMER__IMAGES__PLUTO240X320__MAINLCD__WARNINGPAGE__POPUPPAGE__PP_QUE_PNG
Group: 0, Offset: 4
Ori Size = 2214, Compress Size =  1918


=======================================================
LZMA: Sinal Group Compress
=======================================================
[Orig. Size]	[Compressed Size]	[Compression Ratio]
Read data from .\temp\image_group_1.bin.lzma
Read data from .\temp\image_group_1.bin.lzma.verify
Unit Test Passed
2627	2532	0.963837076513
2627	2532	0.963837076513
image_group_1, images:
________CUSTOMER__IMAGES__PLUTO240X320__MAINLCD__WARNINGPAGE__POPUPPAGE__PP_SAV_PNG
Group: 1, Offset: 0
________CUSTOMER__IMAGES__PLUTO240X320__MAINLCD__WARNINGPAGE__POPUPPAGE__PP_DEL_PNG
Group: 1, Offset: 1
________CUSTOMER__IMAGES__PLUTO240X320__MAINLCD__WARNINGPAGE__POPUPPAGE__PP_WARN_PNG
Group: 1, Offset: 2
Ori Size = 2627, Compress Size =  2532


=======================================================
LZMA: Sinal Group Compress
=======================================================
[Orig. Size]	[Compressed Size]	[Compression Ratio]
Read data from .\temp\image_group_2.bin.lzma
Read data from .\temp\image_group_2.bin.lzma.verify
Unit Test Passed
3063	2963	0.967352269017
3063	2963	0.967352269017
image_group_2, images:
________CUSTOMER__IMAGES__PLUTO240X320__MAINLCD__WARNINGPAGE__POPUPPAGE__PP_PRO_PNG
Group: 2, Offset: 0
________CUSTOMER__IMAGES__PLUTO240X320__MAINLCD__WARNINGPAGE__POPUPPAGE__PP_ERR_PNG
Group: 2, Offset: 1
________CUSTOMER__IMAGES__PLUTO240X320__MAINLCD__WARNINGPAGE__POPUPPAGE__PP_INF_PNG
Group: 2, Offset: 2
Ori Size = 3063, Compress Size =  2963


=======================================================
LZMA: Sinal Group Compress
=======================================================
[Orig. Size]	[Compressed Size]	[Compression Ratio]
Read data from .\temp\image_group_3.bin.lzma
Read data from .\temp\image_group_3.bin.lzma.verify
Unit Test Passed
2884	2577	0.893550624133
2884	2577	0.893550624133
image_group_3, images:
________CUSTOMER__IMAGES__PLUTO240X320__MAINLCD__WARNINGPAGE__POPUPPAGE__PP_SUC_PNG
Group: 3, Offset: 0
________CUSTOMER__IMAGES__PLUTO240X320__MAINLCD__WARNINGPAGE__POPUPPAGE__PP_FAIL_PNG
Group: 3, Offset: 1
________CUSTOMER__IMAGES__PLUTO240X320__MAINLCD__UIELEMENT__SOFTKEY__CALL_CSK_BMP
Group: 3, Offset: 2
________CUSTOMER__IMAGES__PLUTO240X320__MAINLCD__UIELEMENT__SOFTKEY__COMMON_CSK_BMP
Group: 3, Offset: 3
________CUSTOMER__IMAGES__PLUTO240X320__MAINLCD__UIELEMENT__SOFTKEY__DIAL_PAD_CSK_BMP
Group: 3, Offset: 4
________CUSTOMER__IMAGES__PLUTO240X320__MAINLCD__UIELEMENT__SOFTKEY__FORWARD_MSG_CSK_BMP
Group: 3, Offset: 5
________CUSTOMER__IMAGES__PLUTO240X320__MAINLCD__UIELEMENT__SOFTKEY__MARK_CSK_BMP
Group: 3, Offset: 6
________CUSTOMER__IMAGES__PLUTO240X320__MAINLCD__UIELEMENT__SOFTKEY__NEXT_CSK_BMP
Group: 3, Offset: 7
________CUSTOMER__IMAGES__PLUTO240X320__MAINLCD__UIELEMENT__SOFTKEY__OPTION_CSK_BMP
Group: 3, Offset: 8
________CUSTOMER__IMAGES__PLUTO240X320__MAINLCD__UIELEMENT__SOFTKEY__REPLY_MSG_CSK_BMP
Group: 3, Offset: 9
________CUSTOMER__IMAGES__PLUTO240X320__MAINLCD__UIELEMENT__SOFTKEY__SAVE_CSK_BMP
Group: 3, Offset: 10
Ori Size = 2884, Compress Size =  2577


=======================================================
LZMA: Sinal Group Compress
=======================================================
[Orig. Size]	[Compressed Size]	[Compression Ratio]
Read data from .\temp\image_group_4.bin.lzma
Read data from .\temp\image_group_4.bin.lzma.verify
Unit Test Passed
2210	2000	0.904977375566
2210	2000	0.904977375566
image_group_4, images:
________CUSTOMER__IMAGES__PLUTO240X320__MAINLCD__UIELEMENT__SOFTKEY__SEARCHWEB_CSK_BMP
Group: 4, Offset: 0
________CUSTOMER__IMAGES__PLUTO240X320__MAINLCD__UIELEMENT__SOFTKEY__SEND_MSG_CSK_BMP
Group: 4, Offset: 1
________CUSTOMER__IMAGES__PLUTO240X320__MAINLCD__UIELEMENT__SOFTKEY__WEB_BROWSER_CSK_BMP
Group: 4, Offset: 2
________CUSTOMER__IMAGES__PLUTO240X320__MAINLCD__UIELEMENT__SIM__SIM1_BMP
Group: 4, Offset: 3
________CUSTOMER__IMAGES__PLUTO240X320__MAINLCD__UIELEMENT__SIM__SIM2_BMP
Group: 4, Offset: 4
________CUSTOMER__IMAGES__PLUTO240X320__MAINLCD__WAP__SB_WAP_PNG
Group: 4, Offset: 5
________CUSTOMER__IMAGES__PLUTO240X320__MAINLCD__FILEMANAGER__FM_SIIMAGE_BMP
Group: 4, Offset: 6
________CUSTOMER__IMAGES__PLUTO240X320__MAINLCD__FILEMANAGER__FM_SIAUDIO_BMP
Group: 4, Offset: 7
Ori Size = 2210, Compress Size =  2000


=======================================================
LZMA: Sinal Group Compress
=======================================================
[Orig. Size]	[Compressed Size]	[Compression Ratio]
Read data from .\temp\image_group_5.bin.lzma
Read data from .\temp\image_group_5.bin.lzma.verify
Unit Test Passed
2607	2536	0.972765630993
2607	2536	0.972765630993
image_group_5, images:
________CUSTOMER__IMAGES__PLUTO240X320__MAINLCD__FILEMANAGER__FM_LIBMP_GIF
Group: 5, Offset: 0
Ori Size = 2607, Compress Size =  2536


=======================================================
LZMA: Sinal Group Compress
=======================================================
[Orig. Size]	[Compressed Size]	[Compression Ratio]
Read data from .\temp\image_group_6.bin.lzma
Read data from .\temp\image_group_6.bin.lzma.verify
Unit Test Passed
2600	2527	0.971923076923
2600	2527	0.971923076923
image_group_6, images:
________CUSTOMER__IMAGES__PLUTO240X320__MAINLCD__FILEMANAGER__FM_LIGIF_GIF
Group: 6, Offset: 0
Ori Size = 2600, Compress Size =  2527


=======================================================
LZMA: Sinal Group Compress
=======================================================
[Orig. Size]	[Compressed Size]	[Compression Ratio]
Read data from .\temp\image_group_7.bin.lzma
Read data from .\temp\image_group_7.bin.lzma.verify
Unit Test Passed
2623	2555	0.974075486085
2623	2555	0.974075486085
image_group_7, images:
________CUSTOMER__IMAGES__PLUTO240X320__MAINLCD__FILEMANAGER__FM_LIWBMP_GIF
Group: 7, Offset: 0
Ori Size = 2623, Compress Size =  2555


=======================================================
LZMA: Sinal Group Compress
=======================================================
[Orig. Size]	[Compressed Size]	[Compression Ratio]
Read data from .\temp\image_group_8.bin.lzma
Read data from .\temp\image_group_8.bin.lzma.verify
Unit Test Passed
2077	1887	0.908521906596
2077	1887	0.908521906596
image_group_8, images:
________CUSTOMER__IMAGES__PLUTO240X320__MAINLCD__FILEMANAGER__FM_LIEMS_GIF
Group: 8, Offset: 0
Ori Size = 2077, Compress Size =  1887


=======================================================
LZMA: Sinal Group Compress
=======================================================
[Orig. Size]	[Compressed Size]	[Compression Ratio]
Read data from .\temp\image_group_9.bin.lzma
Read data from .\temp\image_group_9.bin.lzma.verify
Unit Test Passed
2083	1892	0.908305328853
2083	1892	0.908305328853
image_group_9, images:
________CUSTOMER__IMAGES__PLUTO240X320__MAINLCD__FILEMANAGER__FM_LIANM_GIF
Group: 9, Offset: 0
Ori Size = 2083, Compress Size =  1892


=======================================================
LZMA: Sinal Group Compress
=======================================================
[Orig. Size]	[Compressed Size]	[Compression Ratio]
Read data from .\temp\image_group_10.bin.lzma
Read data from .\temp\image_group_10.bin.lzma.verify
Unit Test Passed
2592	2462	0.949845679012
2592	2462	0.949845679012
image_group_10, images:
________CUSTOMER__IMAGES__PLUTO240X320__MAINLCD__FILEMANAGER__FM_LIVM_GIF
Group: 10, Offset: 0
Ori Size = 2592, Compress Size =  2462


=======================================================
LZMA: Sinal Group Compress
=======================================================
[Orig. Size]	[Compressed Size]	[Compression Ratio]
Read data from .\temp\image_group_11.bin.lzma
Read data from .\temp\image_group_11.bin.lzma.verify
Unit Test Passed
2637	2245	0.851346226773
2637	2245	0.851346226773
image_group_11, images:
________CUSTOMER__IMAGES__PLUTO240X320__MAINLCD__FILEMANAGER__FM_VXP_GIF
Group: 11, Offset: 0
________CUSTOMER__IMAGES__PLUTO240X320__MAINLCD__FILEMANAGER__FM_SMALL_VXP_BMP
Group: 11, Offset: 1
________CUSTOMER__IMAGES__PLUTO240X320__MAINLCD__TITLEBAR__TB_MRE_EDITOR_PBM
Group: 11, Offset: 2
________CUSTOMER__IMAGES__PLUTO240X320__MAINLCD__MREAPP__AM_APP_DEFAULT_GIF
Group: 11, Offset: 3
Ori Size = 2637, Compress Size =  2245


=======================================================
LZMA: Sinal Group Compress
=======================================================
[Orig. Size]	[Compressed Size]	[Compression Ratio]
Read data from .\temp\image_group_12.bin.lzma
Read data from .\temp\image_group_12.bin.lzma.verify
Unit Test Passed
2436	2007	0.823891625616
2436	2007	0.823891625616
image_group_12, images:
________CUSTOMER__IMAGES__PLUTO240X320__MAINLCD__CAMERA__IMAGEVIEWER__IV_ERROR_BMP
Group: 12, Offset: 0
________CUSTOMER__IMAGES__PLUTO240X320__MAINLCD__CAMERA__IMAGEVIEWER__IV_LOAD_BMP
Group: 12, Offset: 1
________CUSTOMER__IMAGES__PLUTO240X320__MAINLCD__VUI__LAUNCHER__MAINMENU__ICONS__SOUNDRECORDER_PNG
Group: 12, Offset: 2
________CUSTOMER__IMAGES__PLUTO240X320__MAINLCD__SOUNDRECORDER__SB_SR_BMP
Group: 12, Offset: 3
Ori Size = 2436, Compress Size =  2007


=======================================================
LZMA: Sinal Group Compress
=======================================================
[Orig. Size]	[Compressed Size]	[Compression Ratio]
Read data from .\temp\image_group_13.bin.lzma
Read data from .\temp\image_group_13.bin.lzma.verify
Unit Test Passed
1259	1268	1.00714853058
1259	1268	1.00714853058
image_group_13, images:
________CUSTOMER__IMAGES__PLUTO240X320__MAINLCD__SNDREC__SR_BG_GIF
Group: 13, Offset: 0
Ori Size = 1259, Compress Size =  1268


=======================================================
LZMA: Sinal Group Compress
=======================================================
[Orig. Size]	[Compressed Size]	[Compression Ratio]
Read data from .\temp\image_group_14.bin.lzma
Read data from .\temp\image_group_14.bin.lzma.verify
Unit Test Passed
2913	2036	0.698935805012
2913	2036	0.698935805012
image_group_14, images:
________CUSTOMER__IMAGES__PLUTO240X320__MAINLCD__SNDREC__SR_RECORDING_GIF
Group: 14, Offset: 0
________CUSTOMER__IMAGES__PLUTO240X320__MAINLCD__SNDREC__SR_RECORD_UP_BMP
Group: 14, Offset: 1
________CUSTOMER__IMAGES__PLUTO240X320__MAINLCD__SNDREC__SR_RECORD_DOWN_BMP
Group: 14, Offset: 2
________CUSTOMER__IMAGES__PLUTO240X320__MAINLCD__SNDREC__SR_R_PAUSE_UP_BMP
Group: 14, Offset: 3
Ori Size = 2913, Compress Size =  2036


=======================================================
LZMA: Sinal Group Compress
=======================================================
[Orig. Size]	[Compressed Size]	[Compression Ratio]
Read data from .\temp\image_group_15.bin.lzma
Read data from .\temp\image_group_15.bin.lzma.verify
Unit Test Passed
2860	1199	0.419230769231
2860	1199	0.419230769231
image_group_15, images:
________CUSTOMER__IMAGES__PLUTO240X320__MAINLCD__SNDREC__SR_R_PAUSE_DOWN_BMP
Group: 15, Offset: 0
________CUSTOMER__IMAGES__PLUTO240X320__MAINLCD__SNDREC__SR_PLAY_UP_BMP
Group: 15, Offset: 1
________CUSTOMER__IMAGES__PLUTO240X320__MAINLCD__SNDREC__SR_PLAY_DOWN_BMP
Group: 15, Offset: 2
________CUSTOMER__IMAGES__PLUTO240X320__MAINLCD__SNDREC__SR_PAUSE_UP_BMP
Group: 15, Offset: 3
________CUSTOMER__IMAGES__PLUTO240X320__MAINLCD__SNDREC__SR_PAUSE_DOWN_BMP
Group: 15, Offset: 4
________CUSTOMER__IMAGES__PLUTO240X320__MAINLCD__SNDREC__SR_PREVIOUS_UP_BMP
Group: 15, Offset: 5
________CUSTOMER__IMAGES__PLUTO240X320__MAINLCD__SNDREC__SR_PREVIOUS_DOWN_BMP
Group: 15, Offset: 6
________CUSTOMER__IMAGES__PLUTO240X320__MAINLCD__SNDREC__SR_NEXT_UP_BMP
Group: 15, Offset: 7
________CUSTOMER__IMAGES__PLUTO240X320__MAINLCD__SNDREC__SR_NEXT_DOWN_BMP
Group: 15, Offset: 8
________CUSTOMER__IMAGES__PLUTO240X320__MAINLCD__SNDREC__SR_RECORD_DISABLE_BMP
Group: 15, Offset: 9
Ori Size = 2860, Compress Size =  1199


=======================================================
LZMA: Sinal Group Compress
=======================================================
[Orig. Size]	[Compressed Size]	[Compression Ratio]
Read data from .\temp\image_group_16.bin.lzma
Read data from .\temp\image_group_16.bin.lzma.verify
Unit Test Passed
2792	2017	0.722421203438
2792	2017	0.722421203438
image_group_16, images:
________CUSTOMER__IMAGES__PLUTO240X320__MAINLCD__SNDREC__SR_PLAY_DISABLE_BMP
Group: 16, Offset: 0
________CUSTOMER__IMAGES__PLUTO240X320__MAINLCD__SNDREC__SR_PREVIOUS_DISABLE_BMP
Group: 16, Offset: 1
________CUSTOMER__IMAGES__PLUTO240X320__MAINLCD__SNDREC__SR_NEXT_DISABLE_BMP
Group: 16, Offset: 2
________CUSTOMER__IMAGES__PLUTO240X320__MAINLCD__SUBMENU__CALL__CC_CALLHISTORY_BMP
Group: 16, Offset: 3
________CUSTOMER__IMAGES__PLUTO240X320__MAINLCD__VUI__LAUNCHER__MAINMENU__ICONS__CALLLOG_PNG
Group: 16, Offset: 4
Ori Size = 2792, Compress Size =  2017


=======================================================
LZMA: Sinal Group Compress
=======================================================
[Orig. Size]	[Compressed Size]	[Compression Ratio]
Read data from .\temp\image_group_17.bin.lzma
Read data from .\temp\image_group_17.bin.lzma.verify
Unit Test Passed
2970	2389	0.804377104377
2970	2389	0.804377104377
image_group_17, images:
________CUSTOMER__IMAGES__PLUTO240X320__MAINLCD__CALL__MISSED__CL_MIS_PNG
Group: 17, Offset: 0
________CUSTOMER__IMAGES__PLUTO240X320__MAINLCD__CALL__SUBMENU__SB_CDIA_BMP
Group: 17, Offset: 1
________CUSTOMER__IMAGES__PLUTO240X320__MAINLCD__CALL__SUBMENU__SB_CMIS_BMP
Group: 17, Offset: 2
________CUSTOMER__IMAGES__PLUTO240X320__MAINLCD__CALL__SUBMENU__SB_CREC_BMP
Group: 17, Offset: 3
Ori Size = 2970, Compress Size =  2389


=======================================================
LZMA: Sinal Group Compress
=======================================================
[Orig. Size]	[Compressed Size]	[Compression Ratio]
Read data from .\temp\image_group_18.bin.lzma
Read data from .\temp\image_group_18.bin.lzma.verify
Unit Test Passed
2212	1944	0.878842676311
2212	1944	0.878842676311
image_group_18, images:
________CUSTOMER__IMAGES__PLUTO240X320__MAINLCD__MSPACE__M_SPACE_PNG
Group: 18, Offset: 0
Ori Size = 2212, Compress Size =  1944


=======================================================
LZMA: Sinal Group Compress
=======================================================
[Orig. Size]	[Compressed Size]	[Compression Ratio]
Read data from .\temp\image_group_19.bin.lzma
Read data from .\temp\image_group_19.bin.lzma.verify
Unit Test Passed
2818	2477	0.878992193045
2818	2477	0.878992193045
image_group_19, images:
________CUSTOMER__IMAGES__PLUTO240X320__MAINLCD__MSPACE__MSPACE_SUB_PNG
Group: 19, Offset: 0
________CUSTOMER__IMAGES__PLUTO240X320__MAINLCD__MSPACE__DEFAULT_01_9SLICE_PNG
Group: 19, Offset: 1
________CUSTOMER__IMAGES__PLUTO240X320__MAINLCD__MSPACE__DONE_PNG
Group: 19, Offset: 2
________CUSTOMER__IMAGES__PLUTO240X320__MAINLCD__MSPACE__UPDATE_PNG
Group: 19, Offset: 3
Ori Size = 2818, Compress Size =  2477


=======================================================
LZMA: Sinal Group Compress
=======================================================
[Orig. Size]	[Compressed Size]	[Compression Ratio]
Read data from .\temp\image_group_20.bin.lzma
Read data from .\temp\image_group_20.bin.lzma.verify
Unit Test Passed
2184	2007	0.918956043956
2184	2007	0.918956043956
image_group_20, images:
________CUSTOMER__IMAGES__PLUTO240X320__MAINLCD__VUI__LAUNCHER__MAINMENU__ICONS__PROFILE_PNG
Group: 20, Offset: 0
Ori Size = 2184, Compress Size =  2007


=======================================================
LZMA: Sinal Group Compress
=======================================================
[Orig. Size]	[Compressed Size]	[Compression Ratio]
Read data from .\temp\image_group_21.bin.lzma
Read data from .\temp\image_group_21.bin.lzma.verify
Unit Test Passed
2671	2610	0.977162111569
2671	2610	0.977162111569
image_group_21, images:
________CUSTOMER__IMAGES__PLUTO240X320__MAINLCD__VUI__LAUNCHER__MAINMENU__ICONS__FMGR_PNG
Group: 21, Offset: 0
________CUSTOMER__IMAGES__PLUTO240X320__MAINLCD__FILEMANAGER__FM_LIPNG0_GIF
Group: 21, Offset: 1
Ori Size = 2671, Compress Size =  2610


=======================================================
LZMA: Sinal Group Compress
=======================================================
[Orig. Size]	[Compressed Size]	[Compression Ratio]
Read data from .\temp\image_group_22.bin.lzma
Read data from .\temp\image_group_22.bin.lzma.verify
Unit Test Passed
2606	2568	0.985418265541
2606	2568	0.985418265541
image_group_22, images:
________CUSTOMER__IMAGES__PLUTO240X320__MAINLCD__FILEMANAGER__FM_LIPNG10_GIF
Group: 22, Offset: 0
________CUSTOMER__IMAGES__PLUTO240X320__MAINLCD__FILEMANAGER__FM_LIPNG20_GIF
Group: 22, Offset: 1
Ori Size = 2606, Compress Size =  2568


=======================================================
LZMA: Sinal Group Compress
=======================================================
[Orig. Size]	[Compressed Size]	[Compression Ratio]
Read data from .\temp\image_group_23.bin.lzma
Read data from .\temp\image_group_23.bin.lzma.verify
Unit Test Passed
2285	2236	0.978555798687
2285	2236	0.978555798687
image_group_23, images:
________CUSTOMER__IMAGES__PLUTO240X320__MAINLCD__FILEMANAGER__FM_LIPNG30_GIF
Group: 23, Offset: 0
________CUSTOMER__IMAGES__PLUTO240X320__MAINLCD__FILEMANAGER__FM_LIPNG40_GIF
Group: 23, Offset: 1
Ori Size = 2285, Compress Size =  2236


=======================================================
LZMA: Sinal Group Compress
=======================================================
[Orig. Size]	[Compressed Size]	[Compression Ratio]
Read data from .\temp\image_group_24.bin.lzma
Read data from .\temp\image_group_24.bin.lzma.verify
Unit Test Passed
3022	2866	0.948378557247
3022	2866	0.948378557247
image_group_24, images:
________CUSTOMER__IMAGES__PLUTO240X320__MAINLCD__FILEMANAGER__FM_LIPNG50_GIF
Group: 24, Offset: 0
________CUSTOMER__IMAGES__PLUTO240X320__MAINLCD__FILEMANAGER__FM_LIPNG60_GIF
Group: 24, Offset: 1
________CUSTOMER__IMAGES__PLUTO240X320__MAINLCD__FILEMANAGER__FM_LIPNG70_GIF
Group: 24, Offset: 2
Ori Size = 3022, Compress Size =  2866


=======================================================
LZMA: Sinal Group Compress
=======================================================
[Orig. Size]	[Compressed Size]	[Compression Ratio]
Read data from .\temp\image_group_25.bin.lzma
Read data from .\temp\image_group_25.bin.lzma.verify
Unit Test Passed
2861	2641	0.923103809857
2861	2641	0.923103809857
image_group_25, images:
________CUSTOMER__IMAGES__PLUTO240X320__MAINLCD__FILEMANAGER__FM_LIPNG80_GIF
Group: 25, Offset: 0
________CUSTOMER__IMAGES__PLUTO240X320__MAINLCD__FILEMANAGER__FM_LIPNG90_GIF
Group: 25, Offset: 1
________CUSTOMER__IMAGES__PLUTO240X320__MAINLCD__FILEMANAGER__FM_LIPNG100_GIF
Group: 25, Offset: 2
________CUSTOMER__IMAGES__PLUTO240X320__MAINLCD__FILEMANAGER__FM_CARD_BMP
Group: 25, Offset: 3
________CUSTOMER__IMAGES__PLUTO240X320__MAINLCD__FILEMANAGER__FM_PHONE_BMP
Group: 25, Offset: 4
________CUSTOMER__IMAGES__PLUTO240X320__MAINLCD__FILEMANAGER__FM_SIFOLDER_BMP
Group: 25, Offset: 5
________CUSTOMER__IMAGES__PLUTO240X320__MAINLCD__FILEMANAGER__FM_SIUNKNOWN_BMP
Group: 25, Offset: 6
Ori Size = 2861, Compress Size =  2641


=======================================================
LZMA: Sinal Group Compress
=======================================================
[Orig. Size]	[Compressed Size]	[Compression Ratio]
Read data from .\temp\image_group_26.bin.lzma
Read data from .\temp\image_group_26.bin.lzma.verify
Unit Test Passed
2912	2600	0.892857142857
2912	2600	0.892857142857
image_group_26, images:
________CUSTOMER__IMAGES__PLUTO240X320__MAINLCD__FILEMANAGER__FM_LIUNKNOWN_BMP
Group: 26, Offset: 0
________CUSTOMER__IMAGES__PLUTO240X320__MAINLCD__FILEMANAGER__FM_LIFOLDER_BMP
Group: 26, Offset: 1
________CUSTOMER__IMAGES__PLUTO240X320__MAINLCD__FILEMANAGER__FM_TAB_CARD_BMP
Group: 26, Offset: 2
________CUSTOMER__IMAGES__PLUTO240X320__MAINLCD__FILEMANAGER__FM_TAB_PHONE_BMP
Group: 26, Offset: 3
________CUSTOMER__IMAGES__PLUTO240X320__MAINLCD__VUI__LAUNCHER__MAINMENU__ICONS__SETTING_PNG
Group: 26, Offset: 4
________CUSTOMER__IMAGES__PLUTO240X320__MAINLCD__TITLEBAR__TB_ST_PNG
Group: 26, Offset: 5
Ori Size = 2912, Compress Size =  2600


=======================================================
LZMA: Sinal Group Compress
=======================================================
[Orig. Size]	[Compressed Size]	[Compression Ratio]
Read data from .\temp\image_group_27.bin.lzma
Read data from .\temp\image_group_27.bin.lzma.verify
Unit Test Passed
2438	2268	0.9302707137
2438	2268	0.9302707137
image_group_27, images:
________CUSTOMER__IMAGES__PLUTO240X320__MAINLCD__TODOLIST__ICON__MEETING_BMP
Group: 27, Offset: 0
________CUSTOMER__IMAGES__PLUTO240X320__MAINLCD__SUBMENU__SETTINGS__ST_HOME_BMP
Group: 27, Offset: 1
________CUSTOMER__IMAGES__PLUTO240X320__MAINLCD__SUBMENU__SETTINGS__SB_UNKNOW_BMP
Group: 27, Offset: 2
________CUSTOMER__IMAGES__PLUTO240X320__MAINLCD__SUBMENU__SETTINGS__SB_OFF_BMP
Group: 27, Offset: 3
Ori Size = 2438, Compress Size =  2268


=======================================================
LZMA: Sinal Group Compress
=======================================================
[Orig. Size]	[Compressed Size]	[Compression Ratio]
Read data from .\temp\image_group_28.bin.lzma
Read data from .\temp\image_group_28.bin.lzma.verify
Unit Test Passed
2346	2180	0.929241261722
2346	2180	0.929241261722
image_group_28, images:
________CUSTOMER__IMAGES__PLUTO240X320__MAINLCD__VUI__LAUNCHER__MAINMENU__ICONS__SAT_PNG
Group: 28, Offset: 0
Ori Size = 2346, Compress Size =  2180


=======================================================
LZMA: Sinal Group Compress
=======================================================
[Orig. Size]	[Compressed Size]	[Compression Ratio]
Read data from .\temp\image_group_29.bin.lzma
Read data from .\temp\image_group_29.bin.lzma.verify
Unit Test Passed
2736	2279	0.832967836257
2736	2279	0.832967836257
image_group_29, images:
________CUSTOMER__IMAGES__PLUTO240X320__MAINLCD__VUI__LAUNCHER__MAINMENU__ICONS__CALCULATOR_PNG
Group: 29, Offset: 0
________CUSTOMER__IMAGES__PLUTO240X320__MAINLCD__CALCULATOR__SLIM__EQUAL_BMP
Group: 29, Offset: 1
________CUSTOMER__IMAGES__PLUTO240X320__MAINLCD__CALCULATOR__SLIM__PLUS_BMP
Group: 29, Offset: 2
________CUSTOMER__IMAGES__PLUTO240X320__MAINLCD__CALCULATOR__SLIM__MULTI_BMP
Group: 29, Offset: 3
________CUSTOMER__IMAGES__PLUTO240X320__MAINLCD__CALCULATOR__SLIM__DIVIDE_BMP
Group: 29, Offset: 4
________CUSTOMER__IMAGES__PLUTO240X320__MAINLCD__ALARM__ALARM_PNG
Group: 29, Offset: 5
Ori Size = 2736, Compress Size =  2279


=======================================================
LZMA: Sinal Group Compress
=======================================================
[Orig. Size]	[Compressed Size]	[Compression Ratio]
Read data from .\temp\image_group_30.bin.lzma
Read data from .\temp\image_group_30.bin.lzma.verify
Unit Test Passed
2846	2701	0.94905130007
2846	2701	0.94905130007
image_group_30, images:
________CUSTOMER__IMAGES__PLUTO240X320__MAINLCD__VUI__LAUNCHER__MAINMENU__ICONS__ALARM_PNG
Group: 30, Offset: 0
________CUSTOMER__IMAGES__PLUTO240X320__MAINLCD__ALARM__OA_AUDIO_BMP
Group: 30, Offset: 1
________CUSTOMER__IMAGES__PLUTO240X320__MAINLCD__TITLEBAR__TB_OR_PNG
Group: 30, Offset: 2
Ori Size = 2846, Compress Size =  2701


=======================================================
LZMA: Sinal Group Compress
=======================================================
[Orig. Size]	[Compressed Size]	[Compression Ratio]
Read data from .\temp\image_group_31.bin.lzma
Read data from .\temp\image_group_31.bin.lzma.verify
Unit Test Passed
2902	2721	0.937629221227
2902	2721	0.937629221227
image_group_31, images:
________CUSTOMER__IMAGES__PLUTO240X320__MAINLCD__VUI__LAUNCHER__MAINMENU__ICONS__CALENDAR_PNG
Group: 31, Offset: 0
________CUSTOMER__IMAGES__PLUTO240X320__MAINLCD__VUI__LAUNCHER__MAINMENU__ICONS__CALL_PNG
Group: 31, Offset: 1
Ori Size = 2902, Compress Size =  2721


=======================================================
LZMA: Sinal Group Compress
=======================================================
[Orig. Size]	[Compressed Size]	[Compression Ratio]
Read data from .\temp\image_group_32.bin.lzma
Read data from .\temp\image_group_32.bin.lzma.verify
Unit Test Passed
2120	1864	0.879245283019
2120	1864	0.879245283019
image_group_32, images:
________CUSTOMER__IMAGES__PLUTO240X320__MAINLCD__CALL__OUTGOING__CL_ACT_BMP
Group: 32, Offset: 0
________CUSTOMER__IMAGES__PLUTO240X320__MAINLCD__CALL__OUTGOING__CL_HOLD_BMP
Group: 32, Offset: 1
________CUSTOMER__IMAGES__PLUTO240X320__MAINLCD__CALL__CALLCENTER__CC_ACTIVECALL_BMP
Group: 32, Offset: 2
________CUSTOMER__IMAGES__PLUTO240X320__MAINLCD__TITLEBAR__TB_MG_PNG
Group: 32, Offset: 3
________CUSTOMER__IMAGES__PLUTO240X320__MAINLCD__SMS__SUBMENU__INBOX__SS_READ_BMP
Group: 32, Offset: 4
________CUSTOMER__IMAGES__PLUTO240X320__MAINLCD__SMS__SUBMENU__INBOX__SS_UREAD_BMP
Group: 32, Offset: 5
________CUSTOMER__IMAGES__PLUTO240X320__MAINLCD__SMS__SUBMENU__OUTBOX__SS_SENT_BMP
Group: 32, Offset: 6
________CUSTOMER__IMAGES__PLUTO240X320__MAINLCD__SMS__SUBMENU__OUTBOX__SS_FAILTOSENT_BMP
Group: 32, Offset: 7
________CUSTOMER__IMAGES__PLUTO240X320__MAINLCD__SMS__SUBMENU__INBOX__SS_NCOMP_BMP
Group: 32, Offset: 8
Ori Size = 2120, Compress Size =  1864


=======================================================
LZMA: Sinal Group Compress
=======================================================
[Orig. Size]	[Compressed Size]	[Compression Ratio]
Read data from .\temp\image_group_33.bin.lzma
Read data from .\temp\image_group_33.bin.lzma.verify
Unit Test Passed
1674	1496	0.89366786141
1674	1496	0.89366786141
image_group_33, images:
________CUSTOMER__IMAGES__PLUTO240X320__MAINLCD__VUI__LAUNCHER__MAINMENU__ICONS__MESSAGE_PNG
Group: 33, Offset: 0
________CUSTOMER__IMAGES__PLUTO240X320__MAINLCD__SUBMENU__UNIMESSAGE__UNI_MG_BMP
Group: 33, Offset: 1
________CUSTOMER__IMAGES__PLUTO240X320__MAINLCD__VUI__LAUNCHER__MAINMENU__FONT_BG_9SLICE_PNG
Group: 33, Offset: 2
Ori Size = 1674, Compress Size =  1496


=======================================================
LZMA: Sinal Group Compress
=======================================================
[Orig. Size]	[Compressed Size]	[Compression Ratio]
Read data from .\temp\image_group_34.bin.lzma
Read data from .\temp\image_group_34.bin.lzma.verify
Unit Test Passed
3048	2608	0.855643044619
3048	2608	0.855643044619
image_group_34, images:
________CUSTOMER__IMAGES__PLUTO240X320__MAINLCD__VUI__LAUNCHER__MAINMENU__ICONS__CONTACT_PNG
Group: 34, Offset: 0
________CUSTOMER__IMAGES__PLUTO240X320__MAINLCD__PHONEBOOK__PHB_CSK_ADD_BMP
Group: 34, Offset: 1
________CUSTOMER__IMAGES__PLUTO240X320__MAINLCD__PHONEBOOK__PHB_CSK_EDIT_BMP
Group: 34, Offset: 2
________CUSTOMER__IMAGES__PLUTO240X320__MAINLCD__PHONEBOOK__PHB_CSK_MARK_BMP
Group: 34, Offset: 3
________CUSTOMER__IMAGES__PLUTO240X320__MAINLCD__TITLEBAR__TB_PB_PNG
Group: 34, Offset: 4
________CUSTOMER__IMAGES__PLUTO240X320__MAINLCD__PHONEBOOK__PBVIEW__PV_NAME_BMP
Group: 34, Offset: 5
________CUSTOMER__IMAGES__PLUTO240X320__MAINLCD__PHONEBOOK__PBVIEW__PV_PHONE_BMP
Group: 34, Offset: 6
________CUSTOMER__IMAGES__PLUTO240X320__MAINLCD__PHONEBOOK__PBVIEW__PV_MORE_BMP
Group: 34, Offset: 7
________CUSTOMER__IMAGES__PLUTO240X320__MAINLCD__PHONEBOOK__PBVIEW__PV_NEW_NUMBER_BMP
Group: 34, Offset: 8
Ori Size = 3048, Compress Size =  2608


=======================================================
LZMA: Sinal Group Compress
=======================================================
[Orig. Size]	[Compressed Size]	[Compression Ratio]
Read data from .\temp\image_group_35.bin.lzma
Read data from .\temp\image_group_35.bin.lzma.verify
Unit Test Passed
2886	1920	0.665280665281
2886	1920	0.665280665281
image_group_35, images:
________CUSTOMER__IMAGES__PLUTO240X320__MAINLCD__PHONEBOOK__PBVIEW__PV_PIC_BMP
Group: 35, Offset: 0
________CUSTOMER__IMAGES__PLUTO240X320__MAINLCD__PHONEBOOK__PBVIEW__PV_RING_BMP
Group: 35, Offset: 1
________CUSTOMER__IMAGES__PLUTO240X320__MAINLCD__PHONEBOOK__PBVIEW__PV_INSIM_BMP
Group: 35, Offset: 2
________CUSTOMER__IMAGES__PLUTO240X320__MAINLCD__PHONEBOOK__PBVIEW__PV_INPH_BMP
Group: 35, Offset: 3
________CUSTOMER__IMAGES__PLUTO240X320__MAINLCD__IDLESCREEN__STATUSICONS__SIGNAL__SI_SIG
Group: 35, Offset: 4
________CUSTOMER__IMAGES__PLUTO240X320__MAINLCD__IDLESCREEN__STATUSICONS__SI_L1_PNG
Group: 35, Offset: 5
________CUSTOMER__IMAGES__PLUTO240X320__MAINLCD__IDLESCREEN__STATUSICONS__SI_L2_PNG
Group: 35, Offset: 6
________CUSTOMER__IMAGES__PLUTO240X320__MAINLCD__IDLESCREEN__STATUSICONS__BATTERY__SI_BAT
Group: 35, Offset: 7
Ori Size = 2886, Compress Size =  1920


=======================================================
LZMA: Sinal Group Compress
=======================================================
[Orig. Size]	[Compressed Size]	[Compression Ratio]
Read data from .\temp\image_group_36.bin.lzma
Read data from .\temp\image_group_36.bin.lzma.verify
Unit Test Passed
3054	2090	0.684348395547
3054	2090	0.684348395547
image_group_36, images:
________CUSTOMER__IMAGES__PLUTO240X320__MAINLCD__IDLESCREEN__STATUSICONS__SI_LOCK_PNG
Group: 36, Offset: 0
________CUSTOMER__IMAGES__PLUTO240X320__MAINLCD__IDLESCREEN__STATUSICONS__SI_VIB_PNG
Group: 36, Offset: 1
________CUSTOMER__IMAGES__PLUTO240X320__MAINLCD__IDLESCREEN__STATUSICONS__SI_SILENT_PNG
Group: 36, Offset: 2
________CUSTOMER__IMAGES__PLUTO240X320__MAINLCD__IDLESCREEN__STATUSICONS__SI_RING_PNG
Group: 36, Offset: 3
________CUSTOMER__IMAGES__PLUTO240X320__MAINLCD__IDLESCREEN__STATUSICONS__SI_VR_PNG
Group: 36, Offset: 4
________CUSTOMER__IMAGES__PLUTO240X320__MAINLCD__IDLESCREEN__STATUSICONS__SI_VTR_PNG
Group: 36, Offset: 5
________CUSTOMER__IMAGES__PLUTO240X320__MAINLCD__IDLESCREEN__STATUSICONS__SI_ALARM_PNG
Group: 36, Offset: 6
________CUSTOMER__IMAGES__PLUTO240X320__MAINLCD__IDLESCREEN__STATUSICONS__SI_RM_PNG
Group: 36, Offset: 7
________CUSTOMER__IMAGES__PLUTO240X320__MAINLCD__IDLESCREEN__STATUSICONS__SI_MCA_PNG
Group: 36, Offset: 8
________CUSTOMER__IMAGES__PLUTO240X320__MAINLCD__IDLESCREEN__STATUSICONS__SI_EAR_PNG
Group: 36, Offset: 9
________CUSTOMER__IMAGES__PLUTO240X320__MAINLCD__IDLESCREEN__STATUSICONS__SI_USB_PNG
Group: 36, Offset: 10
Ori Size = 3054, Compress Size =  2090


=======================================================
LZMA: Sinal Group Compress
=======================================================
[Orig. Size]	[Compressed Size]	[Compression Ratio]
Read data from .\temp\image_group_37.bin.lzma
Read data from .\temp\image_group_37.bin.lzma.verify
Unit Test Passed
2752	2080	0.755813953488
2752	2080	0.755813953488
image_group_37, images:
________CUSTOMER__IMAGES__PLUTO240X320__MAINLCD__IDLESCREEN__STATUSICONS__SI_VOML_PNG
Group: 37, Offset: 0
________CUSTOMER__IMAGES__PLUTO240X320__MAINLCD__IDLESCREEN__STATUSICONS__SI_FM_PNG
Group: 37, Offset: 1
________CUSTOMER__IMAGES__PLUTO240X320__MAINLCD__IDLESCREEN__STATUSICONS__SI_EM_PNG
Group: 37, Offset: 2
________CUSTOMER__IMAGES__PLUTO240X320__MAINLCD__IDLESCREEN__STATUSICONS__SI_NET_PNG
Group: 37, Offset: 3
________CUSTOMER__IMAGES__PLUTO240X320__MAINLCD__IDLESCREEN__STATUSICONS__SI_VDL_PNG
Group: 37, Offset: 4
________CUSTOMER__IMAGES__PLUTO240X320__MAINLCD__IDLESCREEN__STATUSICONS__SI_MGE_PNG
Group: 37, Offset: 5
________CUSTOMER__IMAGES__PLUTO240X320__MAINLCD__IDLESCREEN__STATUSICONS__SI_MGE_FULL_PNG
Group: 37, Offset: 6
________CUSTOMER__IMAGES__PLUTO240X320__MAINLCD__IDLESCREEN__STATUSICONS__SI_FOR_PNG
Group: 37, Offset: 7
________CUSTOMER__IMAGES__PLUTO240X320__MAINLCD__IDLESCREEN__STATUSICONS__SI_MUTE_PNG
Group: 37, Offset: 8
Ori Size = 2752, Compress Size =  2080


=======================================================
LZMA: Sinal Group Compress
=======================================================
[Orig. Size]	[Compressed Size]	[Compression Ratio]
Read data from .\temp\image_group_38.bin.lzma
Read data from .\temp\image_group_38.bin.lzma.verify
Unit Test Passed
2094	1553	0.741642788921
2094	1553	0.741642788921
image_group_38, images:
________CUSTOMER__IMAGES__PLUTO240X320__MAINLCD__IDLESCREEN__STATUSICONS__SI_OUTBOXIND_PNG
Group: 38, Offset: 0
________CUSTOMER__IMAGES__PLUTO240X320__MAINLCD__IDLESCREEN__STATUSICONS__SI_MRE_DEFAULT_PNG
Group: 38, Offset: 1
________CUSTOMER__IMAGES__PLUTO240X320__MAINLCD__IDLESCREEN__STATUSICONS__SI_CSD_PNG
Group: 38, Offset: 2
________CUSTOMER__IMAGES__PLUTO240X320__MAINLCD__IDLESCREEN__STATUSICONS__SI_GPRS_PNG
Group: 38, Offset: 3
________CUSTOMER__IMAGES__PLUTO240X320__MAINLCD__IDLESCREEN__STATUSICONS__SI_GPRSC_PNG
Group: 38, Offset: 4
________CUSTOMER__IMAGES__PLUTO240X320__MAINLCD__CALL__OUTGOING__CL_LINE1_BMP
Group: 38, Offset: 5
________CUSTOMER__IMAGES__PLUTO240X320__MAINLCD__CALL__OUTGOING__CL_LINE2_BMP
Group: 38, Offset: 6
Ori Size = 2094, Compress Size =  1553


=======================================================
LZMA: Sinal Group Compress
=======================================================
[Orig. Size]	[Compressed Size]	[Compression Ratio]
Read data from .\temp\image_group_39.bin.lzma
Read data from .\temp\image_group_39.bin.lzma.verify
Unit Test Passed
2222	1794	0.807380738074
2222	1794	0.807380738074
image_group_39, images:
________CUSTOMER__IMAGES__PLUTO240X320__MAINLCD__CALL__CONNECT__CL_NET_PNG
Group: 39, Offset: 0
Ori Size = 2222, Compress Size =  1794


=======================================================
LZMA: Sinal Group Compress
=======================================================
[Orig. Size]	[Compressed Size]	[Compression Ratio]
Read data from .\temp\image_group_40.bin.lzma
Read data from .\temp\image_group_40.bin.lzma.verify
Unit Test Passed
3044	2707	0.889290407359
3044	2707	0.889290407359
image_group_40, images:
________CUSTOMER__IMAGES__PLUTO240X320__MAINLCD__CALL__ENDED__CL_END_GIF
Group: 40, Offset: 0
________CUSTOMER__IMAGES__PLUTO240X320__MAINLCD__UIELEMENT__SLIDECONTROLS__V_BG_PNG
Group: 40, Offset: 1
________CUSTOMER__IMAGES__PLUTO240X320__MAINLCD__UIELEMENT__VALUEMAP__MAP_9SLICE_PNG
Group: 40, Offset: 2
________CUSTOMER__IMAGES__PLUTO240X320__MAINLCD__UIELEMENT__VALUEMAP__INDICATE_BMP
Group: 40, Offset: 3
________CUSTOMER__IMAGES__PLUTO240X320__MAINLCD__EDIT__MUT_BMP
Group: 40, Offset: 4
________CUSTOMER__IMAGES__PLUTO240X320__MAINLCD__UIELEMENT__ARROW__PV_ARL_BMP
Group: 40, Offset: 5
________CUSTOMER__IMAGES__PLUTO240X320__MAINLCD__UIELEMENT__ARROW__PV_ARR_BMP
Group: 40, Offset: 6
________CUSTOMER__IMAGES__PLUTO240X320__MAINLCD__UIELEMENT__CASCADINGMENU__ARROW_DISABLE_L_PNG
Group: 40, Offset: 7
Ori Size = 3044, Compress Size =  2707


=======================================================
LZMA: Sinal Group Compress
=======================================================
[Orig. Size]	[Compressed Size]	[Compression Ratio]
Read data from .\temp\image_group_41.bin.lzma
Read data from .\temp\image_group_41.bin.lzma.verify
Unit Test Passed
2840	1754	0.617605633803
2840	1754	0.617605633803
image_group_41, images:
________CUSTOMER__IMAGES__PLUTO240X320__MAINLCD__UIELEMENT__CASCADINGMENU__ARROW_DISABLE_R_PNG
Group: 41, Offset: 0
________CUSTOMER__IMAGES__PLUTO240X320__MAINLCD__CALL__TOUCH__CALL_BMP
Group: 41, Offset: 1
________CUSTOMER__IMAGES__PLUTO240X320__MAINLCD__IDLESCREEN__TECHNO__SMALLCLOCK__0030_BMP
Group: 41, Offset: 2
________CUSTOMER__IMAGES__PLUTO240X320__MAINLCD__IDLESCREEN__TECHNO__SMALLCLOCK__0031_BMP
Group: 41, Offset: 3
________CUSTOMER__IMAGES__PLUTO240X320__MAINLCD__IDLESCREEN__TECHNO__SMALLCLOCK__0032_BMP
Group: 41, Offset: 4
________CUSTOMER__IMAGES__PLUTO240X320__MAINLCD__IDLESCREEN__TECHNO__SMALLCLOCK__0033_BMP
Group: 41, Offset: 5
________CUSTOMER__IMAGES__PLUTO240X320__MAINLCD__IDLESCREEN__TECHNO__SMALLCLOCK__0034_BMP
Group: 41, Offset: 6
________CUSTOMER__IMAGES__PLUTO240X320__MAINLCD__IDLESCREEN__TECHNO__SMALLCLOCK__0035_BMP
Group: 41, Offset: 7
________CUSTOMER__IMAGES__PLUTO240X320__MAINLCD__IDLESCREEN__TECHNO__SMALLCLOCK__0036_BMP
Group: 41, Offset: 8
________CUSTOMER__IMAGES__PLUTO240X320__MAINLCD__IDLESCREEN__TECHNO__SMALLCLOCK__0037_BMP
Group: 41, Offset: 9
________CUSTOMER__IMAGES__PLUTO240X320__MAINLCD__IDLESCREEN__TECHNO__SMALLCLOCK__0038_BMP
Group: 41, Offset: 10
________CUSTOMER__IMAGES__PLUTO240X320__MAINLCD__IDLESCREEN__TECHNO__SMALLCLOCK__0039_BMP
Group: 41, Offset: 11
________CUSTOMER__IMAGES__PLUTO240X320__MAINLCD__IDLESCREEN__TECHNO__SMALLCLOCK__AM_BMP
Group: 41, Offset: 12
________CUSTOMER__IMAGES__PLUTO240X320__MAINLCD__IDLESCREEN__TECHNO__SMALLCLOCK__PM_BMP
Group: 41, Offset: 13
________CUSTOMER__IMAGES__PLUTO240X320__MAINLCD__IDLESCREEN__TECHNO__SMALLCLOCK__0021_BMP
Group: 41, Offset: 14
________CUSTOMER__IMAGES__PLUTO240X320__MAINLCD__UIELEMENT__TABBAR__TAB_BAR_MIDDLE_PNG
Group: 41, Offset: 15
________CUSTOMER__IMAGES__PLUTO240X320__MAINLCD__UIELEMENT__TABBAR__TAB_BAR_LEFT_PNG
Group: 41, Offset: 16
Ori Size = 2840, Compress Size =  1754


=======================================================
LZMA: Sinal Group Compress
=======================================================
[Orig. Size]	[Compressed Size]	[Compression Ratio]
Read data from .\temp\image_group_42.bin.lzma
Read data from .\temp\image_group_42.bin.lzma.verify
Unit Test Passed
2955	1819	0.615566835871
2955	1819	0.615566835871
image_group_42, images:
________CUSTOMER__IMAGES__PLUTO240X320__MAINLCD__UIELEMENT__TABBAR__TAB_BAR_RIGHT_PNG
Group: 42, Offset: 0
________CUSTOMER__IMAGES__PLUTO240X320__MAINLCD__UIELEMENT__TABBAR__FOCUSED_TAB_BAR_MIDDLE_PNG
Group: 42, Offset: 1
________CUSTOMER__IMAGES__PLUTO240X320__MAINLCD__UIELEMENT__TABBAR__FOCUSED_TAB_BAR_LEFT_PNG
Group: 42, Offset: 2
________CUSTOMER__IMAGES__PLUTO240X320__MAINLCD__UIELEMENT__TABBAR__FOCUSED_TAB_BAR_RIGHT_PNG
Group: 42, Offset: 3
________CUSTOMER__IMAGES__PLUTO240X320__MAINLCD__UIELEMENT__TABBAR__TAB_BAR_BLINK_MIDDLE_PNG
Group: 42, Offset: 4
________CUSTOMER__IMAGES__PLUTO240X320__MAINLCD__UIELEMENT__TABBAR__TAB_BAR_BLINK_LEFT_PNG
Group: 42, Offset: 5
________CUSTOMER__IMAGES__PLUTO240X320__MAINLCD__UIELEMENT__TABBAR__TAB_BAR_BLINK_RIGHT_PNG
Group: 42, Offset: 6
________CUSTOMER__IMAGES__PLUTO240X320__MAINLCD__UIELEMENT__TABBAR__TAB_ARROW_L_GIF
Group: 42, Offset: 7
________CUSTOMER__IMAGES__PLUTO240X320__MAINLCD__UIELEMENT__TABBAR__TAB_ARROW_R_GIF
Group: 42, Offset: 8
________CUSTOMER__IMAGES__PLUTO240X320__MAINLCD__UIELEMENT__PROGRESSBAR__LOAD_LEFT_BMP
Group: 42, Offset: 9
________CUSTOMER__IMAGES__PLUTO240X320__MAINLCD__UIELEMENT__PROGRESSBAR__LOAD_RIGHT_BMP
Group: 42, Offset: 10
________CUSTOMER__IMAGES__PLUTO240X320__MAINLCD__UIELEMENT__PROGRESSBAR__LOAD_BG_BMP
Group: 42, Offset: 11
________CUSTOMER__IMAGES__PLUTO240X320__MAINLCD__UIELEMENT__COLORSLIDER__COLOR_SLIDER_ARROW_BMP
Group: 42, Offset: 12
________CUSTOMER__IMAGES__PLUTO240X320__MAINLCD__UIELEMENT__TEXTBG__TBG_MID_9SLICE_PNG
Group: 42, Offset: 13
________CUSTOMER__IMAGES__PLUTO240X320__MAINLCD__DLAGENT__PROGRESS_BG_9SLICE_PNG
Group: 42, Offset: 14
________CUSTOMER__IMAGES__PLUTO240X320__MAINLCD__DLAGENT__PROGRESS_FULL_9SLICE_PNG
Group: 42, Offset: 15
________CUSTOMER__IMAGES__PLUTO240X320__MAINLCD__UIELEMENT__RADIOBUTTON__RO_S_PNG
Group: 42, Offset: 16
Ori Size = 2955, Compress Size =  1819


=======================================================
LZMA: Sinal Group Compress
=======================================================
[Orig. Size]	[Compressed Size]	[Compression Ratio]
Read data from .\temp\image_group_43.bin.lzma
Read data from .\temp\image_group_43.bin.lzma.verify
Unit Test Passed
2869	1891	0.659114674102
2869	1891	0.659114674102
image_group_43, images:
________CUSTOMER__IMAGES__PLUTO240X320__MAINLCD__UIELEMENT__RADIOBUTTON__RO_UNS_PNG
Group: 43, Offset: 0
________CUSTOMER__IMAGES__PLUTO240X320__MAINLCD__UIELEMENT__CHECKBOX__CK_S_PNG
Group: 43, Offset: 1
________CUSTOMER__IMAGES__PLUTO240X320__MAINLCD__UIELEMENT__CHECKBOX__CK_UNS_PNG
Group: 43, Offset: 2
________CUSTOMER__IMAGES__PLUTO240X320__MAINLCD__UIELEMENT__CHARGER__CHARGING_GIF
Group: 43, Offset: 3
________CUSTOMER__IMAGES__PLUTO240X320__MAINLCD__UIELEMENT__CHARGER__CHARGE_DONE_GIF
Group: 43, Offset: 4
Ori Size = 2869, Compress Size =  1891


=======================================================
LZMA: Sinal Group Compress
=======================================================
[Orig. Size]	[Compressed Size]	[Compression Ratio]
Read data from .\temp\image_group_44.bin.lzma
Read data from .\temp\image_group_44.bin.lzma.verify
Unit Test Passed
2294	2117	0.922842197036
2294	2117	0.922842197036
image_group_44, images:
________CUSTOMER__IMAGES__PLUTO240X320__MAINLCD__VUI__LAUNCHER__MAINMENU__ICONS__CONNECT_PNG
Group: 44, Offset: 0
Ori Size = 2294, Compress Size =  2117


=======================================================
LZMA: Sinal Group Compress
=======================================================
[Orig. Size]	[Compressed Size]	[Compression Ratio]
Read data from .\temp\image_group_45.bin.lzma
Read data from .\temp\image_group_45.bin.lzma.verify
Unit Test Passed
1387	1329	0.958183129056
1387	1329	0.958183129056
image_group_45, images:
________CUSTOMER__IMAGES__PLUTO240X320__MAINLCD__MREAPP__AM_APP_OPERA_GIF
Group: 45, Offset: 0
Ori Size = 1387, Compress Size =  1329


=======================================================
LZMA: Sinal Group Compress
=======================================================
[Orig. Size]	[Compressed Size]	[Compression Ratio]
Read data from .\temp\image_group_46.bin.lzma
Read data from .\temp\image_group_46.bin.lzma.verify
Unit Test Passed
2503	2483	0.992009588494
2503	2483	0.992009588494
image_group_46, images:
________CUSTOMER__IMAGES__PLUTO240X320__MAINLCD__MREAPP__AM_LOADING_BMP
Group: 46, Offset: 0
Ori Size = 2503, Compress Size =  2483


content lengh:2218
content lengh:2631
content lengh:3067
content lengh:2888
content lengh:2214
content lengh:2611
content lengh:2604
content lengh:2627
content lengh:2081
content lengh:2087
content lengh:2596
content lengh:2641
content lengh:2440
content lengh:1263
content lengh:2917
content lengh:2864
content lengh:2796
content lengh:2974
content lengh:2216
content lengh:2822
content lengh:2188
content lengh:2675
content lengh:2610
content lengh:2289
content lengh:3026
content lengh:2865
content lengh:2916
content lengh:2442
content lengh:2350
content lengh:2740
content lengh:2850
content lengh:2906
content lengh:2124
content lengh:1678
content lengh:3052
content lengh:2890
content lengh:3058
content lengh:2756
content lengh:2098
content lengh:2226
content lengh:3048
content lengh:2844
content lengh:2959
content lengh:2873
content lengh:2298
content lengh:1391
content lengh:2507
=======================================================
Please Check the No Compresion Images:
=======================================================
** User Setting (0 bytes ):
FILEDS: [idEnumString]	[idEnumValue]	[resFilePath]	[resFilePath]	[imageFilePath]	[appId]	[forceType]	[symbolName]	[size]

** Image Size is Too Large (24111 bytes )
FILEDS: [idEnumString]	[idEnumValue]	[resFilePath]	[resFilePath]	[imageFilePath]	[appId]	[forceType]	[symbolName]	[size]
IMG_ID_FMGR_FILE_TYPE_IMY	38586	../Res_MMI/res_FileMgrService.c	..\\..\\Customer\\Images\\PLUTO240X320\\MainLCD\\FileManager\\FM_LIIMY.gif	APP name unknown	________CUSTOMER__IMAGES__PLUTO240X320__MAINLCD__FILEMANAGER__FM_LIIMY_GIF	________CUSTOMER__IMAGES__PLUTO240X320__MAINLCD__FILEMANAGER__FM_LIIMY_GIF	3407
IMG_ID_FMGR_FILE_TYPE_MID	38587	../Res_MMI/res_FileMgrService.c	..\\..\\Customer\\Images\\PLUTO240X320\\MainLCD\\FileManager\\FM_LIMIDI.gif	APP name unknown	________CUSTOMER__IMAGES__PLUTO240X320__MAINLCD__FILEMANAGER__FM_LIMIDI_GIF	________CUSTOMER__IMAGES__PLUTO240X320__MAINLCD__FILEMANAGER__FM_LIMIDI_GIF	3411
IMG_ID_FMGR_FILE_TYPE_WAV	38588	../Res_MMI/res_FileMgrService.c	..\\..\\Customer\\Images\\PLUTO240X320\\MainLCD\\FileManager\\FM_LIWAV.gif	APP name unknown	________CUSTOMER__IMAGES__PLUTO240X320__MAINLCD__FILEMANAGER__FM_LIWAV_GIF	________CUSTOMER__IMAGES__PLUTO240X320__MAINLCD__FILEMANAGER__FM_LIWAV_GIF	3414
IMG_ID_FMGR_FILE_TYPE_AMR	38589	../Res_MMI/res_FileMgrService.c	..\\..\\Customer\\Images\\PLUTO240X320\\MainLCD\\FileManager\\FM_LIAMR.gif	APP name unknown	________CUSTOMER__IMAGES__PLUTO240X320__MAINLCD__FILEMANAGER__FM_LIAMR_GIF	________CUSTOMER__IMAGES__PLUTO240X320__MAINLCD__FILEMANAGER__FM_LIAMR_GIF	3415
IMG_ID_IMGVIEW_VUI_MAIN_MENU_APP_ICON	34130	.\mtkapp\ImageView\ImageViewRes\imgview.res	..\\..\\Customer\\Images\\PLUTO240X320\\MainLCD\\VUI\\Launcher\\Mainmenu\\Icons\\ImageViewer.png	APP_IMAGEVIEWER	________CUSTOMER__IMAGES__PLUTO240X320__MAINLCD__VUI__LAUNCHER__MAINMENU__ICONS__IMAGEVIEWER_PNG	________CUSTOMER__IMAGES__PLUTO240X320__MAINLCD__VUI__LAUNCHER__MAINMENU__ICONS__IMAGEVIEWER_PNG	3164
IMG_ID_AUDPLY_PLAY_ANIMATION	34773	.\mtkapp\AudioPlayer\AudioPlayerRes\AudioPlayer.res	..\\..\\Customer\\Images\\PLUTO240X320\\MainLCD\\Multimedia\\play_animation.png	APP_AUDIOPLAYER	________CUSTOMER__IMAGES__PLUTO240X320__MAINLCD__MULTIMEDIA__PLAY_ANIMATION_PNG	________CUSTOMER__IMAGES__PLUTO240X320__MAINLCD__MULTIMEDIA__PLAY_ANIMATION_PNG	3114
IMG_ID_CALC_MAIN	41452	.\mmi\Extra\ExtraRes\Calculator.res	..\\..\\Customer\\Images\\PLUTO240X320\\MainLCD\\Calculator\\Slim\\MAP.png	APP_CALCULATOR	________CUSTOMER__IMAGES__PLUTO240X320__MAINLCD__CALCULATOR__SLIM__MAP_PNG	________CUSTOMER__IMAGES__PLUTO240X320__MAINLCD__CALCULATOR__SLIM__MAP_PNG	4186

** Image handle space are out of use (0 bytes )
FILEDS: [idEnumString]	[idEnumValue]	[resFilePath]	[resFilePath]	[imageFilePath]	[appId]	[forceType]	[symbolName]	[size]

** ID not Found: (0 bytes )
[Symbol Name]	[size]

** Total : 24111 bytes
Read data from ..\..\..\plutommi\Customer\CustResource\CustStr3rdROM.bin
Read data from ..\..\..\plutommi\Customer\CustResource\CustImg3rdROM.bin
